ERROR - 2012-11-09T16:20:45-07:00 - exception 'Twig_Error_Loader' with message 'Unable to find template "index.html" (looked into: ../templates).' in /train/sites/www.gajetzki.com/html-calendar-to-ics/vendor/twig/twig/lib/Twig/Loader/Filesystem.php:184
Stack trace:
#0 /train/sites/www.gajetzki.com/html-calendar-to-ics/vendor/twig/twig/lib/Twig/Loader/Filesystem.php(138): Twig_Loader_Filesystem->findTemplate('index.html')
#1 /train/sites/www.gajetzki.com/html-calendar-to-ics/vendor/twig/twig/lib/Twig/Environment.php(272): Twig_Loader_Filesystem->getCacheKey('index.html')
#2 /train/sites/www.gajetzki.com/html-calendar-to-ics/vendor/twig/twig/lib/Twig/Environment.php(319): Twig_Environment->getTemplateClass('index.html', NULL)
#3 /train/sites/www.gajetzki.com/html-calendar-to-ics/vendor/slim/extras/Slim/Extras/Views/Twig.php(97): Twig_Environment->loadTemplate('index.html')
#4 /train/sites/www.gajetzki.com/html-calendar-to-ics/vendor/slim/slim/Slim/View.php(195): Slim\Extras\Views\Twig->render('index.html')
#5 /train/sites/www.gajetzki.com/html-calendar-to-ics/vendor/slim/slim/Slim/View.php(182): Slim\View->fetch('index.html')
#6 /train/sites/www.gajetzki.com/html-calendar-to-ics/vendor/slim/slim/Slim/Slim.php(665): Slim\View->display('index.html')
#7 /train/sites/www.gajetzki.com/html-calendar-to-ics/public/index.php(29): Slim\Slim->render('index.html')
#8 [internal function]: {closure}()
#9 /train/sites/www.gajetzki.com/html-calendar-to-ics/vendor/slim/slim/Slim/Router.php(200): call_user_func_array(Object(Closure), Array)
#10 /train/sites/www.gajetzki.com/html-calendar-to-ics/vendor/slim/slim/Slim/Slim.php(1218): Slim\Router->dispatch(Object(Slim\Route))
#11 /train/sites/www.gajetzki.com/html-calendar-to-ics/vendor/slim/slim/Slim/Middleware/Flash.php(86): Slim\Slim->call()
#12 /train/sites/www.gajetzki.com/html-calendar-to-ics/vendor/slim/slim/Slim/Middleware/MethodOverride.php(94): Slim\Middleware\Flash->call()
#13 /train/sites/www.gajetzki.com/html-calendar-to-ics/vendor/slim/slim/Slim/Middleware/PrettyExceptions.php(67): Slim\Middleware\MethodOverride->call()
#14 /train/sites/www.gajetzki.com/html-calendar-to-ics/vendor/slim/slim/Slim/Slim.php(1167): Slim\Middleware\PrettyExceptions->call()
#15 /train/sites/www.gajetzki.com/html-calendar-to-ics/public/index.php(33): Slim\Slim->run()
#16 {main}
ERROR - 2012-11-09T16:20:46-07:00 - exception 'Twig_Error_Loader' with message 'Unable to find template "index.html" (looked into: ../templates).' in /train/sites/www.gajetzki.com/html-calendar-to-ics/vendor/twig/twig/lib/Twig/Loader/Filesystem.php:184
Stack trace:
#0 /train/sites/www.gajetzki.com/html-calendar-to-ics/vendor/twig/twig/lib/Twig/Loader/Filesystem.php(138): Twig_Loader_Filesystem->findTemplate('index.html')
#1 /train/sites/www.gajetzki.com/html-calendar-to-ics/vendor/twig/twig/lib/Twig/Environment.php(272): Twig_Loader_Filesystem->getCacheKey('index.html')
#2 /train/sites/www.gajetzki.com/html-calendar-to-ics/vendor/twig/twig/lib/Twig/Environment.php(319): Twig_Environment->getTemplateClass('index.html', NULL)
#3 /train/sites/www.gajetzki.com/html-calendar-to-ics/vendor/slim/extras/Slim/Extras/Views/Twig.php(97): Twig_Environment->loadTemplate('index.html')
#4 /train/sites/www.gajetzki.com/html-calendar-to-ics/vendor/slim/slim/Slim/View.php(195): Slim\Extras\Views\Twig->render('index.html')
#5 /train/sites/www.gajetzki.com/html-calendar-to-ics/vendor/slim/slim/Slim/View.php(182): Slim\View->fetch('index.html')
#6 /train/sites/www.gajetzki.com/html-calendar-to-ics/vendor/slim/slim/Slim/Slim.php(665): Slim\View->display('index.html')
#7 /train/sites/www.gajetzki.com/html-calendar-to-ics/public/index.php(29): Slim\Slim->render('index.html')
#8 [internal function]: {closure}()
#9 /train/sites/www.gajetzki.com/html-calendar-to-ics/vendor/slim/slim/Slim/Router.php(200): call_user_func_array(Object(Closure), Array)
#10 /train/sites/www.gajetzki.com/html-calendar-to-ics/vendor/slim/slim/Slim/Slim.php(1218): Slim\Router->dispatch(Object(Slim\Route))
#11 /train/sites/www.gajetzki.com/html-calendar-to-ics/vendor/slim/slim/Slim/Middleware/Flash.php(86): Slim\Slim->call()
#12 /train/sites/www.gajetzki.com/html-calendar-to-ics/vendor/slim/slim/Slim/Middleware/MethodOverride.php(94): Slim\Middleware\Flash->call()
#13 /train/sites/www.gajetzki.com/html-calendar-to-ics/vendor/slim/slim/Slim/Middleware/PrettyExceptions.php(67): Slim\Middleware\MethodOverride->call()
#14 /train/sites/www.gajetzki.com/html-calendar-to-ics/vendor/slim/slim/Slim/Slim.php(1167): Slim\Middleware\PrettyExceptions->call()
#15 /train/sites/www.gajetzki.com/html-calendar-to-ics/public/index.php(33): Slim\Slim->run()
#16 {main}
ERROR - 2012-11-09T16:21:01-07:00 - exception 'Twig_Error_Loader' with message 'Unable to find template "index.html.twig" (looked into: ../templates).' in /train/sites/www.gajetzki.com/html-calendar-to-ics/vendor/twig/twig/lib/Twig/Loader/Filesystem.php:184
Stack trace:
#0 /train/sites/www.gajetzki.com/html-calendar-to-ics/vendor/twig/twig/lib/Twig/Loader/Filesystem.php(138): Twig_Loader_Filesystem->findTemplate('index.html.twig')
#1 /train/sites/www.gajetzki.com/html-calendar-to-ics/vendor/twig/twig/lib/Twig/Environment.php(272): Twig_Loader_Filesystem->getCacheKey('index.html.twig')
#2 /train/sites/www.gajetzki.com/html-calendar-to-ics/vendor/twig/twig/lib/Twig/Environment.php(319): Twig_Environment->getTemplateClass('index.html.twig', NULL)
#3 /train/sites/www.gajetzki.com/html-calendar-to-ics/vendor/slim/extras/Slim/Extras/Views/Twig.php(97): Twig_Environment->loadTemplate('index.html.twig')
#4 /train/sites/www.gajetzki.com/html-calendar-to-ics/vendor/slim/slim/Slim/View.php(195): Slim\Extras\Views\Twig->render('index.html.twig')
#5 /train/sites/www.gajetzki.com/html-calendar-to-ics/vendor/slim/slim/Slim/View.php(182): Slim\View->fetch('index.html.twig')
#6 /train/sites/www.gajetzki.com/html-calendar-to-ics/vendor/slim/slim/Slim/Slim.php(665): Slim\View->display('index.html.twig')
#7 /train/sites/www.gajetzki.com/html-calendar-to-ics/public/index.php(29): Slim\Slim->render('index.html.twig')
#8 [internal function]: {closure}()
#9 /train/sites/www.gajetzki.com/html-calendar-to-ics/vendor/slim/slim/Slim/Router.php(200): call_user_func_array(Object(Closure), Array)
#10 /train/sites/www.gajetzki.com/html-calendar-to-ics/vendor/slim/slim/Slim/Slim.php(1218): Slim\Router->dispatch(Object(Slim\Route))
#11 /train/sites/www.gajetzki.com/html-calendar-to-ics/vendor/slim/slim/Slim/Middleware/Flash.php(86): Slim\Slim->call()
#12 /train/sites/www.gajetzki.com/html-calendar-to-ics/vendor/slim/slim/Slim/Middleware/MethodOverride.php(94): Slim\Middleware\Flash->call()
#13 /train/sites/www.gajetzki.com/html-calendar-to-ics/vendor/slim/slim/Slim/Middleware/PrettyExceptions.php(67): Slim\Middleware\MethodOverride->call()
#14 /train/sites/www.gajetzki.com/html-calendar-to-ics/vendor/slim/slim/Slim/Slim.php(1167): Slim\Middleware\PrettyExceptions->call()
#15 /train/sites/www.gajetzki.com/html-calendar-to-ics/public/index.php(33): Slim\Slim->run()
#16 {main}
ERROR - 2012-11-09T16:21:01-07:00 - exception 'Twig_Error_Loader' with message 'Unable to find template "index.html.twig" (looked into: ../templates).' in /train/sites/www.gajetzki.com/html-calendar-to-ics/vendor/twig/twig/lib/Twig/Loader/Filesystem.php:184
Stack trace:
#0 /train/sites/www.gajetzki.com/html-calendar-to-ics/vendor/twig/twig/lib/Twig/Loader/Filesystem.php(138): Twig_Loader_Filesystem->findTemplate('index.html.twig')
#1 /train/sites/www.gajetzki.com/html-calendar-to-ics/vendor/twig/twig/lib/Twig/Environment.php(272): Twig_Loader_Filesystem->getCacheKey('index.html.twig')
#2 /train/sites/www.gajetzki.com/html-calendar-to-ics/vendor/twig/twig/lib/Twig/Environment.php(319): Twig_Environment->getTemplateClass('index.html.twig', NULL)
#3 /train/sites/www.gajetzki.com/html-calendar-to-ics/vendor/slim/extras/Slim/Extras/Views/Twig.php(97): Twig_Environment->loadTemplate('index.html.twig')
#4 /train/sites/www.gajetzki.com/html-calendar-to-ics/vendor/slim/slim/Slim/View.php(195): Slim\Extras\Views\Twig->render('index.html.twig')
#5 /train/sites/www.gajetzki.com/html-calendar-to-ics/vendor/slim/slim/Slim/View.php(182): Slim\View->fetch('index.html.twig')
#6 /train/sites/www.gajetzki.com/html-calendar-to-ics/vendor/slim/slim/Slim/Slim.php(665): Slim\View->display('index.html.twig')
#7 /train/sites/www.gajetzki.com/html-calendar-to-ics/public/index.php(29): Slim\Slim->render('index.html.twig')
#8 [internal function]: {closure}()
#9 /train/sites/www.gajetzki.com/html-calendar-to-ics/vendor/slim/slim/Slim/Router.php(200): call_user_func_array(Object(Closure), Array)
#10 /train/sites/www.gajetzki.com/html-calendar-to-ics/vendor/slim/slim/Slim/Slim.php(1218): Slim\Router->dispatch(Object(Slim\Route))
#11 /train/sites/www.gajetzki.com/html-calendar-to-ics/vendor/slim/slim/Slim/Middleware/Flash.php(86): Slim\Slim->call()
#12 /train/sites/www.gajetzki.com/html-calendar-to-ics/vendor/slim/slim/Slim/Middleware/MethodOverride.php(94): Slim\Middleware\Flash->call()
#13 /train/sites/www.gajetzki.com/html-calendar-to-ics/vendor/slim/slim/Slim/Middleware/PrettyExceptions.php(67): Slim\Middleware\MethodOverride->call()
#14 /train/sites/www.gajetzki.com/html-calendar-to-ics/vendor/slim/slim/Slim/Slim.php(1167): Slim\Middleware\PrettyExceptions->call()
#15 /train/sites/www.gajetzki.com/html-calendar-to-ics/public/index.php(33): Slim\Slim->run()
#16 {main}
ERROR - 2012-11-09T16:21:02-07:00 - exception 'Twig_Error_Loader' with message 'Unable to find template "index.html.twig" (looked into: ../templates).' in /train/sites/www.gajetzki.com/html-calendar-to-ics/vendor/twig/twig/lib/Twig/Loader/Filesystem.php:184
Stack trace:
#0 /train/sites/www.gajetzki.com/html-calendar-to-ics/vendor/twig/twig/lib/Twig/Loader/Filesystem.php(138): Twig_Loader_Filesystem->findTemplate('index.html.twig')
#1 /train/sites/www.gajetzki.com/html-calendar-to-ics/vendor/twig/twig/lib/Twig/Environment.php(272): Twig_Loader_Filesystem->getCacheKey('index.html.twig')
#2 /train/sites/www.gajetzki.com/html-calendar-to-ics/vendor/twig/twig/lib/Twig/Environment.php(319): Twig_Environment->getTemplateClass('index.html.twig', NULL)
#3 /train/sites/www.gajetzki.com/html-calendar-to-ics/vendor/slim/extras/Slim/Extras/Views/Twig.php(97): Twig_Environment->loadTemplate('index.html.twig')
#4 /train/sites/www.gajetzki.com/html-calendar-to-ics/vendor/slim/slim/Slim/View.php(195): Slim\Extras\Views\Twig->render('index.html.twig')
#5 /train/sites/www.gajetzki.com/html-calendar-to-ics/vendor/slim/slim/Slim/View.php(182): Slim\View->fetch('index.html.twig')
#6 /train/sites/www.gajetzki.com/html-calendar-to-ics/vendor/slim/slim/Slim/Slim.php(665): Slim\View->display('index.html.twig')
#7 /train/sites/www.gajetzki.com/html-calendar-to-ics/public/index.php(29): Slim\Slim->render('index.html.twig')
#8 [internal function]: {closure}()
#9 /train/sites/www.gajetzki.com/html-calendar-to-ics/vendor/slim/slim/Slim/Router.php(200): call_user_func_array(Object(Closure), Array)
#10 /train/sites/www.gajetzki.com/html-calendar-to-ics/vendor/slim/slim/Slim/Slim.php(1218): Slim\Router->dispatch(Object(Slim\Route))
#11 /train/sites/www.gajetzki.com/html-calendar-to-ics/vendor/slim/slim/Slim/Middleware/Flash.php(86): Slim\Slim->call()
#12 /train/sites/www.gajetzki.com/html-calendar-to-ics/vendor/slim/slim/Slim/Middleware/MethodOverride.php(94): Slim\Middleware\Flash->call()
#13 /train/sites/www.gajetzki.com/html-calendar-to-ics/vendor/slim/slim/Slim/Middleware/PrettyExceptions.php(67): Slim\Middleware\MethodOverride->call()
#14 /train/sites/www.gajetzki.com/html-calendar-to-ics/vendor/slim/slim/Slim/Slim.php(1167): Slim\Middleware\PrettyExceptions->call()
#15 /train/sites/www.gajetzki.com/html-calendar-to-ics/public/index.php(33): Slim\Slim->run()
#16 {main}
ERROR - 2012-11-09T16:21:02-07:00 - exception 'Twig_Error_Loader' with message 'Unable to find template "index.html.twig" (looked into: ../templates).' in /train/sites/www.gajetzki.com/html-calendar-to-ics/vendor/twig/twig/lib/Twig/Loader/Filesystem.php:184
Stack trace:
#0 /train/sites/www.gajetzki.com/html-calendar-to-ics/vendor/twig/twig/lib/Twig/Loader/Filesystem.php(138): Twig_Loader_Filesystem->findTemplate('index.html.twig')
#1 /train/sites/www.gajetzki.com/html-calendar-to-ics/vendor/twig/twig/lib/Twig/Environment.php(272): Twig_Loader_Filesystem->getCacheKey('index.html.twig')
#2 /train/sites/www.gajetzki.com/html-calendar-to-ics/vendor/twig/twig/lib/Twig/Environment.php(319): Twig_Environment->getTemplateClass('index.html.twig', NULL)
#3 /train/sites/www.gajetzki.com/html-calendar-to-ics/vendor/slim/extras/Slim/Extras/Views/Twig.php(97): Twig_Environment->loadTemplate('index.html.twig')
#4 /train/sites/www.gajetzki.com/html-calendar-to-ics/vendor/slim/slim/Slim/View.php(195): Slim\Extras\Views\Twig->render('index.html.twig')
#5 /train/sites/www.gajetzki.com/html-calendar-to-ics/vendor/slim/slim/Slim/View.php(182): Slim\View->fetch('index.html.twig')
#6 /train/sites/www.gajetzki.com/html-calendar-to-ics/vendor/slim/slim/Slim/Slim.php(665): Slim\View->display('index.html.twig')
#7 /train/sites/www.gajetzki.com/html-calendar-to-ics/public/index.php(29): Slim\Slim->render('index.html.twig')
#8 [internal function]: {closure}()
#9 /train/sites/www.gajetzki.com/html-calendar-to-ics/vendor/slim/slim/Slim/Router.php(200): call_user_func_array(Object(Closure), Array)
#10 /train/sites/www.gajetzki.com/html-calendar-to-ics/vendor/slim/slim/Slim/Slim.php(1218): Slim\Router->dispatch(Object(Slim\Route))
#11 /train/sites/www.gajetzki.com/html-calendar-to-ics/vendor/slim/slim/Slim/Middleware/Flash.php(86): Slim\Slim->call()
#12 /train/sites/www.gajetzki.com/html-calendar-to-ics/vendor/slim/slim/Slim/Middleware/MethodOverride.php(94): Slim\Middleware\Flash->call()
#13 /train/sites/www.gajetzki.com/html-calendar-to-ics/vendor/slim/slim/Slim/Middleware/PrettyExceptions.php(67): Slim\Middleware\MethodOverride->call()
#14 /train/sites/www.gajetzki.com/html-calendar-to-ics/vendor/slim/slim/Slim/Slim.php(1167): Slim\Middleware\PrettyExceptions->call()
#15 /train/sites/www.gajetzki.com/html-calendar-to-ics/public/index.php(33): Slim\Slim->run()
#16 {main}
ERROR - 2012-11-09T16:29:47-07:00 - exception 'Twig_Error_Syntax' with message 'A template that extends another one cannot have a body in "index.html.twig" at line 2.' in /train/sites/www.gajetzki.com/html-calendar-to-ics/vendor/twig/twig/lib/Twig/Parser.php:366
Stack trace:
#0 /train/sites/www.gajetzki.com/html-calendar-to-ics/vendor/twig/twig/lib/Twig/Parser.php(98): Twig_Parser->filterBodyNodes(Object(Twig_Node_Text))
#1 /train/sites/www.gajetzki.com/html-calendar-to-ics/vendor/twig/twig/lib/Twig/Environment.php(486): Twig_Parser->parse(Object(Twig_TokenStream))
#2 /train/sites/www.gajetzki.com/html-calendar-to-ics/vendor/twig/twig/lib/Twig/Environment.php(536): Twig_Environment->parse(Object(Twig_TokenStream))
#3 /train/sites/www.gajetzki.com/html-calendar-to-ics/vendor/twig/twig/lib/Twig/Environment.php(330): Twig_Environment->compileSource('{% extends "bas...', 'index.html.twig')
#4 /train/sites/www.gajetzki.com/html-calendar-to-ics/vendor/slim/extras/Slim/Extras/Views/Twig.php(97): Twig_Environment->loadTemplate('index.html.twig')
#5 /train/sites/www.gajetzki.com/html-calendar-to-ics/vendor/slim/slim/Slim/View.php(195): Slim\Extras\Views\Twig->render('index.html.twig')
#6 /train/sites/www.gajetzki.com/html-calendar-to-ics/vendor/slim/slim/Slim/View.php(182): Slim\View->fetch('index.html.twig')
#7 /train/sites/www.gajetzki.com/html-calendar-to-ics/vendor/slim/slim/Slim/Slim.php(665): Slim\View->display('index.html.twig')
#8 /train/sites/www.gajetzki.com/html-calendar-to-ics/public/index.php(29): Slim\Slim->render('index.html.twig')
#9 [internal function]: {closure}()
#10 /train/sites/www.gajetzki.com/html-calendar-to-ics/vendor/slim/slim/Slim/Router.php(200): call_user_func_array(Object(Closure), Array)
#11 /train/sites/www.gajetzki.com/html-calendar-to-ics/vendor/slim/slim/Slim/Slim.php(1218): Slim\Router->dispatch(Object(Slim\Route))
#12 /train/sites/www.gajetzki.com/html-calendar-to-ics/vendor/slim/slim/Slim/Middleware/Flash.php(86): Slim\Slim->call()
#13 /train/sites/www.gajetzki.com/html-calendar-to-ics/vendor/slim/slim/Slim/Middleware/MethodOverride.php(94): Slim\Middleware\Flash->call()
#14 /train/sites/www.gajetzki.com/html-calendar-to-ics/vendor/slim/slim/Slim/Middleware/PrettyExceptions.php(67): Slim\Middleware\MethodOverride->call()
#15 /train/sites/www.gajetzki.com/html-calendar-to-ics/vendor/slim/slim/Slim/Slim.php(1167): Slim\Middleware\PrettyExceptions->call()
#16 /train/sites/www.gajetzki.com/html-calendar-to-ics/public/index.php(33): Slim\Slim->run()
#17 {main}
