ERROR - 2012-11-12T18:21:14-07:00 - exception 'Twig_Error_Syntax' with message 'Unexpected character ";" in "index.html.twig" at line 18' in /train/sites/www.gajetzki.com/html-calendar-to-ics/vendor/twig/twig/lib/Twig/Lexer.php:285
Stack trace:
#0 /train/sites/www.gajetzki.com/html-calendar-to-ics/vendor/twig/twig/lib/Twig/Lexer.php(217): Twig_Lexer->lexExpression()
#1 /train/sites/www.gajetzki.com/html-calendar-to-ics/vendor/twig/twig/lib/Twig/Lexer.php(118): Twig_Lexer->lexVar()
#2 /train/sites/www.gajetzki.com/html-calendar-to-ics/vendor/twig/twig/lib/Twig/Environment.php(450): Twig_Lexer->tokenize('{% extends "bas...', 'index.html.twig')
#3 /train/sites/www.gajetzki.com/html-calendar-to-ics/vendor/twig/twig/lib/Twig/Environment.php(536): Twig_Environment->tokenize('{% extends "bas...', 'index.html.twig')
#4 /train/sites/www.gajetzki.com/html-calendar-to-ics/vendor/twig/twig/lib/Twig/Environment.php(330): Twig_Environment->compileSource('{% extends "bas...', 'index.html.twig')
#5 /train/sites/www.gajetzki.com/html-calendar-to-ics/vendor/slim/extras/Slim/Extras/Views/Twig.php(97): Twig_Environment->loadTemplate('index.html.twig')
#6 /train/sites/www.gajetzki.com/html-calendar-to-ics/vendor/slim/slim/Slim/View.php(195): Slim\Extras\Views\Twig->render('index.html.twig')
#7 /train/sites/www.gajetzki.com/html-calendar-to-ics/vendor/slim/slim/Slim/View.php(182): Slim\View->fetch('index.html.twig')
#8 /train/sites/www.gajetzki.com/html-calendar-to-ics/vendor/slim/slim/Slim/Slim.php(665): Slim\View->display('index.html.twig')
#9 /train/sites/www.gajetzki.com/html-calendar-to-ics/public/index.php(36): Slim\Slim->render('index.html.twig')
#10 [internal function]: {closure}()
#11 /train/sites/www.gajetzki.com/html-calendar-to-ics/vendor/slim/slim/Slim/Router.php(200): call_user_func_array(Object(Closure), Array)
#12 /train/sites/www.gajetzki.com/html-calendar-to-ics/vendor/slim/slim/Slim/Slim.php(1218): Slim\Router->dispatch(Object(Slim\Route))
#13 /train/sites/www.gajetzki.com/html-calendar-to-ics/vendor/slim/slim/Slim/Middleware/Flash.php(86): Slim\Slim->call()
#14 /train/sites/www.gajetzki.com/html-calendar-to-ics/vendor/slim/slim/Slim/Middleware/MethodOverride.php(94): Slim\Middleware\Flash->call()
#15 /train/sites/www.gajetzki.com/html-calendar-to-ics/vendor/slim/slim/Slim/Middleware/PrettyExceptions.php(67): Slim\Middleware\MethodOverride->call()
#16 /train/sites/www.gajetzki.com/html-calendar-to-ics/vendor/slim/slim/Slim/Slim.php(1167): Slim\Middleware\PrettyExceptions->call()
#17 /train/sites/www.gajetzki.com/html-calendar-to-ics/public/index.php(51): Slim\Slim->run()
#18 {main}
ERROR - 2012-11-12T18:21:23-07:00 - exception 'Twig_Error_Syntax' with message 'Unexpected token "name" of value "calendar" ("end of print statement" expected) in "index.html.twig" at line 10' in /train/sites/www.gajetzki.com/html-calendar-to-ics/vendor/twig/twig/lib/Twig/TokenStream.php:77
Stack trace:
#0 /train/sites/www.gajetzki.com/html-calendar-to-ics/vendor/twig/twig/lib/Twig/Parser.php(147): Twig_TokenStream->expect(4)
#1 /train/sites/www.gajetzki.com/html-calendar-to-ics/vendor/twig/twig/lib/Twig/TokenParser/Block.php(47): Twig_Parser->subparse(Array, true)
#2 /train/sites/www.gajetzki.com/html-calendar-to-ics/vendor/twig/twig/lib/Twig/Parser.php(192): Twig_TokenParser_Block->parse(Object(Twig_Token))
#3 /train/sites/www.gajetzki.com/html-calendar-to-ics/vendor/twig/twig/lib/Twig/Parser.php(100): Twig_Parser->subparse(NULL, false)
#4 /train/sites/www.gajetzki.com/html-calendar-to-ics/vendor/twig/twig/lib/Twig/Environment.php(486): Twig_Parser->parse(Object(Twig_TokenStream))
#5 /train/sites/www.gajetzki.com/html-calendar-to-ics/vendor/twig/twig/lib/Twig/Environment.php(536): Twig_Environment->parse(Object(Twig_TokenStream))
#6 /train/sites/www.gajetzki.com/html-calendar-to-ics/vendor/twig/twig/lib/Twig/Environment.php(330): Twig_Environment->compileSource('{% extends "bas...', 'index.html.twig')
#7 /train/sites/www.gajetzki.com/html-calendar-to-ics/vendor/slim/extras/Slim/Extras/Views/Twig.php(97): Twig_Environment->loadTemplate('index.html.twig')
#8 /train/sites/www.gajetzki.com/html-calendar-to-ics/vendor/slim/slim/Slim/View.php(195): Slim\Extras\Views\Twig->render('index.html.twig')
#9 /train/sites/www.gajetzki.com/html-calendar-to-ics/vendor/slim/slim/Slim/View.php(182): Slim\View->fetch('index.html.twig')
#10 /train/sites/www.gajetzki.com/html-calendar-to-ics/vendor/slim/slim/Slim/Slim.php(665): Slim\View->display('index.html.twig')
#11 /train/sites/www.gajetzki.com/html-calendar-to-ics/public/index.php(36): Slim\Slim->render('index.html.twig')
#12 [internal function]: {closure}()
#13 /train/sites/www.gajetzki.com/html-calendar-to-ics/vendor/slim/slim/Slim/Router.php(200): call_user_func_array(Object(Closure), Array)
#14 /train/sites/www.gajetzki.com/html-calendar-to-ics/vendor/slim/slim/Slim/Slim.php(1218): Slim\Router->dispatch(Object(Slim\Route))
#15 /train/sites/www.gajetzki.com/html-calendar-to-ics/vendor/slim/slim/Slim/Middleware/Flash.php(86): Slim\Slim->call()
#16 /train/sites/www.gajetzki.com/html-calendar-to-ics/vendor/slim/slim/Slim/Middleware/MethodOverride.php(94): Slim\Middleware\Flash->call()
#17 /train/sites/www.gajetzki.com/html-calendar-to-ics/vendor/slim/slim/Slim/Middleware/PrettyExceptions.php(67): Slim\Middleware\MethodOverride->call()
#18 /train/sites/www.gajetzki.com/html-calendar-to-ics/vendor/slim/slim/Slim/Slim.php(1167): Slim\Middleware\PrettyExceptions->call()
#19 /train/sites/www.gajetzki.com/html-calendar-to-ics/public/index.php(51): Slim\Slim->run()
#20 {main}
ERROR - 2012-11-12T18:21:24-07:00 - exception 'Twig_Error_Syntax' with message 'Unexpected token "name" of value "calendar" ("end of print statement" expected) in "index.html.twig" at line 10' in /train/sites/www.gajetzki.com/html-calendar-to-ics/vendor/twig/twig/lib/Twig/TokenStream.php:77
Stack trace:
#0 /train/sites/www.gajetzki.com/html-calendar-to-ics/vendor/twig/twig/lib/Twig/Parser.php(147): Twig_TokenStream->expect(4)
#1 /train/sites/www.gajetzki.com/html-calendar-to-ics/vendor/twig/twig/lib/Twig/TokenParser/Block.php(47): Twig_Parser->subparse(Array, true)
#2 /train/sites/www.gajetzki.com/html-calendar-to-ics/vendor/twig/twig/lib/Twig/Parser.php(192): Twig_TokenParser_Block->parse(Object(Twig_Token))
#3 /train/sites/www.gajetzki.com/html-calendar-to-ics/vendor/twig/twig/lib/Twig/Parser.php(100): Twig_Parser->subparse(NULL, false)
#4 /train/sites/www.gajetzki.com/html-calendar-to-ics/vendor/twig/twig/lib/Twig/Environment.php(486): Twig_Parser->parse(Object(Twig_TokenStream))
#5 /train/sites/www.gajetzki.com/html-calendar-to-ics/vendor/twig/twig/lib/Twig/Environment.php(536): Twig_Environment->parse(Object(Twig_TokenStream))
#6 /train/sites/www.gajetzki.com/html-calendar-to-ics/vendor/twig/twig/lib/Twig/Environment.php(330): Twig_Environment->compileSource('{% extends "bas...', 'index.html.twig')
#7 /train/sites/www.gajetzki.com/html-calendar-to-ics/vendor/slim/extras/Slim/Extras/Views/Twig.php(97): Twig_Environment->loadTemplate('index.html.twig')
#8 /train/sites/www.gajetzki.com/html-calendar-to-ics/vendor/slim/slim/Slim/View.php(195): Slim\Extras\Views\Twig->render('index.html.twig')
#9 /train/sites/www.gajetzki.com/html-calendar-to-ics/vendor/slim/slim/Slim/View.php(182): Slim\View->fetch('index.html.twig')
#10 /train/sites/www.gajetzki.com/html-calendar-to-ics/vendor/slim/slim/Slim/Slim.php(665): Slim\View->display('index.html.twig')
#11 /train/sites/www.gajetzki.com/html-calendar-to-ics/public/index.php(36): Slim\Slim->render('index.html.twig')
#12 [internal function]: {closure}()
#13 /train/sites/www.gajetzki.com/html-calendar-to-ics/vendor/slim/slim/Slim/Router.php(200): call_user_func_array(Object(Closure), Array)
#14 /train/sites/www.gajetzki.com/html-calendar-to-ics/vendor/slim/slim/Slim/Slim.php(1218): Slim\Router->dispatch(Object(Slim\Route))
#15 /train/sites/www.gajetzki.com/html-calendar-to-ics/vendor/slim/slim/Slim/Middleware/Flash.php(86): Slim\Slim->call()
#16 /train/sites/www.gajetzki.com/html-calendar-to-ics/vendor/slim/slim/Slim/Middleware/MethodOverride.php(94): Slim\Middleware\Flash->call()
#17 /train/sites/www.gajetzki.com/html-calendar-to-ics/vendor/slim/slim/Slim/Middleware/PrettyExceptions.php(67): Slim\Middleware\MethodOverride->call()
#18 /train/sites/www.gajetzki.com/html-calendar-to-ics/vendor/slim/slim/Slim/Slim.php(1167): Slim\Middleware\PrettyExceptions->call()
#19 /train/sites/www.gajetzki.com/html-calendar-to-ics/public/index.php(51): Slim\Slim->run()
#20 {main}
ERROR - 2012-11-12T19:15:34-07:00 - exception 'Twig_Error_Syntax' with message 'The function "var_dump" does not exist in "index.html.twig" at line 14' in /train/sites/www.gajetzki.com/html-calendar-to-ics/vendor/twig/twig/lib/Twig/Node/Expression/Function.php:28
Stack trace:
#0 /train/sites/www.gajetzki.com/html-calendar-to-ics/vendor/twig/twig/lib/Twig/Compiler.php(98): Twig_Node_Expression_Function->compile(Object(Twig_Compiler))
#1 /train/sites/www.gajetzki.com/html-calendar-to-ics/vendor/twig/twig/lib/Twig/Node/Expression/Filter.php(50): Twig_Compiler->subcompile(Object(Twig_Node_Expression_Function))
#2 /train/sites/www.gajetzki.com/html-calendar-to-ics/vendor/twig/twig/lib/Twig/Node/Expression/Filter.php(32): Twig_Node_Expression_Filter->compileFilter(Object(Twig_Compiler), Object(Twig_Filter_Function))
#3 /train/sites/www.gajetzki.com/html-calendar-to-ics/vendor/twig/twig/lib/Twig/Compiler.php(98): Twig_Node_Expression_Filter->compile(Object(Twig_Compiler))
#4 /train/sites/www.gajetzki.com/html-calendar-to-ics/vendor/twig/twig/lib/Twig/Node/Print.php(36): Twig_Compiler->subcompile(Object(Twig_Node_Expression_Filter))
#5 /train/sites/www.gajetzki.com/html-calendar-to-ics/vendor/twig/twig/lib/Twig/Node.php(106): Twig_Node_Print->compile(Object(Twig_Compiler))
#6 /train/sites/www.gajetzki.com/html-calendar-to-ics/vendor/twig/twig/lib/Twig/Node.php(106): Twig_Node->compile(Object(Twig_Compiler))
#7 /train/sites/www.gajetzki.com/html-calendar-to-ics/vendor/twig/twig/lib/Twig/Compiler.php(98): Twig_Node->compile(Object(Twig_Compiler))
#8 /train/sites/www.gajetzki.com/html-calendar-to-ics/vendor/twig/twig/lib/Twig/Node/For.php(90): Twig_Compiler->subcompile(Object(Twig_Node))
#9 /train/sites/www.gajetzki.com/html-calendar-to-ics/vendor/twig/twig/lib/Twig/Node.php(106): Twig_Node_For->compile(Object(Twig_Compiler))
#10 /train/sites/www.gajetzki.com/html-calendar-to-ics/vendor/twig/twig/lib/Twig/Compiler.php(98): Twig_Node->compile(Object(Twig_Compiler))
#11 /train/sites/www.gajetzki.com/html-calendar-to-ics/vendor/twig/twig/lib/Twig/Node/Block.php(40): Twig_Compiler->subcompile(Object(Twig_Node))
#12 /train/sites/www.gajetzki.com/html-calendar-to-ics/vendor/twig/twig/lib/Twig/Node.php(106): Twig_Node_Block->compile(Object(Twig_Compiler))
#13 /train/sites/www.gajetzki.com/html-calendar-to-ics/vendor/twig/twig/lib/Twig/Node.php(106): Twig_Node->compile(Object(Twig_Compiler))
#14 /train/sites/www.gajetzki.com/html-calendar-to-ics/vendor/twig/twig/lib/Twig/Compiler.php(98): Twig_Node->compile(Object(Twig_Compiler))
#15 /train/sites/www.gajetzki.com/html-calendar-to-ics/vendor/twig/twig/lib/Twig/Node/Module.php(66): Twig_Compiler->subcompile(Object(Twig_Node))
#16 /train/sites/www.gajetzki.com/html-calendar-to-ics/vendor/twig/twig/lib/Twig/Node/Module.php(39): Twig_Node_Module->compileTemplate(Object(Twig_Compiler))
#17 /train/sites/www.gajetzki.com/html-calendar-to-ics/vendor/twig/twig/lib/Twig/Compiler.php(87): Twig_Node_Module->compile(Object(Twig_Compiler))
#18 /train/sites/www.gajetzki.com/html-calendar-to-ics/vendor/twig/twig/lib/Twig/Environment.php(522): Twig_Compiler->compile(Object(Twig_Node_Module))
#19 /train/sites/www.gajetzki.com/html-calendar-to-ics/vendor/twig/twig/lib/Twig/Environment.php(536): Twig_Environment->compile(Object(Twig_Node_Module))
#20 /train/sites/www.gajetzki.com/html-calendar-to-ics/vendor/twig/twig/lib/Twig/Environment.php(330): Twig_Environment->compileSource('{% extends "bas...', 'index.html.twig')
#21 /train/sites/www.gajetzki.com/html-calendar-to-ics/vendor/slim/extras/Slim/Extras/Views/Twig.php(97): Twig_Environment->loadTemplate('index.html.twig')
#22 /train/sites/www.gajetzki.com/html-calendar-to-ics/vendor/slim/slim/Slim/View.php(195): Slim\Extras\Views\Twig->render('index.html.twig')
#23 /train/sites/www.gajetzki.com/html-calendar-to-ics/vendor/slim/slim/Slim/View.php(182): Slim\View->fetch('index.html.twig')
#24 /train/sites/www.gajetzki.com/html-calendar-to-ics/vendor/slim/slim/Slim/Slim.php(665): Slim\View->display('index.html.twig')
#25 /train/sites/www.gajetzki.com/html-calendar-to-ics/public/index.php(45): Slim\Slim->render('index.html.twig', Array)
#26 [internal function]: {closure}()
#27 /train/sites/www.gajetzki.com/html-calendar-to-ics/vendor/slim/slim/Slim/Router.php(200): call_user_func_array(Object(Closure), Array)
#28 /train/sites/www.gajetzki.com/html-calendar-to-ics/vendor/slim/slim/Slim/Slim.php(1218): Slim\Router->dispatch(Object(Slim\Route))
#29 /train/sites/www.gajetzki.com/html-calendar-to-ics/vendor/slim/slim/Slim/Middleware/Flash.php(86): Slim\Slim->call()
#30 /train/sites/www.gajetzki.com/html-calendar-to-ics/vendor/slim/slim/Slim/Middleware/MethodOverride.php(94): Slim\Middleware\Flash->call()
#31 /train/sites/www.gajetzki.com/html-calendar-to-ics/vendor/slim/slim/Slim/Middleware/PrettyExceptions.php(67): Slim\Middleware\MethodOverride->call()
#32 /train/sites/www.gajetzki.com/html-calendar-to-ics/vendor/slim/slim/Slim/Slim.php(1167): Slim\Middleware\PrettyExceptions->call()
#33 /train/sites/www.gajetzki.com/html-calendar-to-ics/public/index.php(60): Slim\Slim->run()
#34 {main}
ERROR - 2012-11-12T19:15:39-07:00 - exception 'Twig_Error_Syntax' with message 'The function "dump" does not exist in "index.html.twig" at line 14' in /train/sites/www.gajetzki.com/html-calendar-to-ics/vendor/twig/twig/lib/Twig/Node/Expression/Function.php:28
Stack trace:
#0 /train/sites/www.gajetzki.com/html-calendar-to-ics/vendor/twig/twig/lib/Twig/Compiler.php(98): Twig_Node_Expression_Function->compile(Object(Twig_Compiler))
#1 /train/sites/www.gajetzki.com/html-calendar-to-ics/vendor/twig/twig/lib/Twig/Node/Expression/Filter.php(50): Twig_Compiler->subcompile(Object(Twig_Node_Expression_Function))
#2 /train/sites/www.gajetzki.com/html-calendar-to-ics/vendor/twig/twig/lib/Twig/Node/Expression/Filter.php(32): Twig_Node_Expression_Filter->compileFilter(Object(Twig_Compiler), Object(Twig_Filter_Function))
#3 /train/sites/www.gajetzki.com/html-calendar-to-ics/vendor/twig/twig/lib/Twig/Compiler.php(98): Twig_Node_Expression_Filter->compile(Object(Twig_Compiler))
#4 /train/sites/www.gajetzki.com/html-calendar-to-ics/vendor/twig/twig/lib/Twig/Node/Print.php(36): Twig_Compiler->subcompile(Object(Twig_Node_Expression_Filter))
#5 /train/sites/www.gajetzki.com/html-calendar-to-ics/vendor/twig/twig/lib/Twig/Node.php(106): Twig_Node_Print->compile(Object(Twig_Compiler))
#6 /train/sites/www.gajetzki.com/html-calendar-to-ics/vendor/twig/twig/lib/Twig/Node.php(106): Twig_Node->compile(Object(Twig_Compiler))
#7 /train/sites/www.gajetzki.com/html-calendar-to-ics/vendor/twig/twig/lib/Twig/Compiler.php(98): Twig_Node->compile(Object(Twig_Compiler))
#8 /train/sites/www.gajetzki.com/html-calendar-to-ics/vendor/twig/twig/lib/Twig/Node/For.php(90): Twig_Compiler->subcompile(Object(Twig_Node))
#9 /train/sites/www.gajetzki.com/html-calendar-to-ics/vendor/twig/twig/lib/Twig/Node.php(106): Twig_Node_For->compile(Object(Twig_Compiler))
#10 /train/sites/www.gajetzki.com/html-calendar-to-ics/vendor/twig/twig/lib/Twig/Compiler.php(98): Twig_Node->compile(Object(Twig_Compiler))
#11 /train/sites/www.gajetzki.com/html-calendar-to-ics/vendor/twig/twig/lib/Twig/Node/Block.php(40): Twig_Compiler->subcompile(Object(Twig_Node))
#12 /train/sites/www.gajetzki.com/html-calendar-to-ics/vendor/twig/twig/lib/Twig/Node.php(106): Twig_Node_Block->compile(Object(Twig_Compiler))
#13 /train/sites/www.gajetzki.com/html-calendar-to-ics/vendor/twig/twig/lib/Twig/Node.php(106): Twig_Node->compile(Object(Twig_Compiler))
#14 /train/sites/www.gajetzki.com/html-calendar-to-ics/vendor/twig/twig/lib/Twig/Compiler.php(98): Twig_Node->compile(Object(Twig_Compiler))
#15 /train/sites/www.gajetzki.com/html-calendar-to-ics/vendor/twig/twig/lib/Twig/Node/Module.php(66): Twig_Compiler->subcompile(Object(Twig_Node))
#16 /train/sites/www.gajetzki.com/html-calendar-to-ics/vendor/twig/twig/lib/Twig/Node/Module.php(39): Twig_Node_Module->compileTemplate(Object(Twig_Compiler))
#17 /train/sites/www.gajetzki.com/html-calendar-to-ics/vendor/twig/twig/lib/Twig/Compiler.php(87): Twig_Node_Module->compile(Object(Twig_Compiler))
#18 /train/sites/www.gajetzki.com/html-calendar-to-ics/vendor/twig/twig/lib/Twig/Environment.php(522): Twig_Compiler->compile(Object(Twig_Node_Module))
#19 /train/sites/www.gajetzki.com/html-calendar-to-ics/vendor/twig/twig/lib/Twig/Environment.php(536): Twig_Environment->compile(Object(Twig_Node_Module))
#20 /train/sites/www.gajetzki.com/html-calendar-to-ics/vendor/twig/twig/lib/Twig/Environment.php(330): Twig_Environment->compileSource('{% extends "bas...', 'index.html.twig')
#21 /train/sites/www.gajetzki.com/html-calendar-to-ics/vendor/slim/extras/Slim/Extras/Views/Twig.php(97): Twig_Environment->loadTemplate('index.html.twig')
#22 /train/sites/www.gajetzki.com/html-calendar-to-ics/vendor/slim/slim/Slim/View.php(195): Slim\Extras\Views\Twig->render('index.html.twig')
#23 /train/sites/www.gajetzki.com/html-calendar-to-ics/vendor/slim/slim/Slim/View.php(182): Slim\View->fetch('index.html.twig')
#24 /train/sites/www.gajetzki.com/html-calendar-to-ics/vendor/slim/slim/Slim/Slim.php(665): Slim\View->display('index.html.twig')
#25 /train/sites/www.gajetzki.com/html-calendar-to-ics/public/index.php(45): Slim\Slim->render('index.html.twig', Array)
#26 [internal function]: {closure}()
#27 /train/sites/www.gajetzki.com/html-calendar-to-ics/vendor/slim/slim/Slim/Router.php(200): call_user_func_array(Object(Closure), Array)
#28 /train/sites/www.gajetzki.com/html-calendar-to-ics/vendor/slim/slim/Slim/Slim.php(1218): Slim\Router->dispatch(Object(Slim\Route))
#29 /train/sites/www.gajetzki.com/html-calendar-to-ics/vendor/slim/slim/Slim/Middleware/Flash.php(86): Slim\Slim->call()
#30 /train/sites/www.gajetzki.com/html-calendar-to-ics/vendor/slim/slim/Slim/Middleware/MethodOverride.php(94): Slim\Middleware\Flash->call()
#31 /train/sites/www.gajetzki.com/html-calendar-to-ics/vendor/slim/slim/Slim/Middleware/PrettyExceptions.php(67): Slim\Middleware\MethodOverride->call()
#32 /train/sites/www.gajetzki.com/html-calendar-to-ics/vendor/slim/slim/Slim/Slim.php(1167): Slim\Middleware\PrettyExceptions->call()
#33 /train/sites/www.gajetzki.com/html-calendar-to-ics/public/index.php(60): Slim\Slim->run()
#34 {main}
ERROR - 2012-11-12T19:16:04-07:00 - exception 'Twig_Error_Syntax' with message 'The function "dump" does not exist in "index.html.twig" at line 14' in /train/sites/www.gajetzki.com/html-calendar-to-ics/vendor/twig/twig/lib/Twig/Node/Expression/Function.php:28
Stack trace:
#0 /train/sites/www.gajetzki.com/html-calendar-to-ics/vendor/twig/twig/lib/Twig/Compiler.php(98): Twig_Node_Expression_Function->compile(Object(Twig_Compiler))
#1 /train/sites/www.gajetzki.com/html-calendar-to-ics/vendor/twig/twig/lib/Twig/Node/Expression/Filter.php(50): Twig_Compiler->subcompile(Object(Twig_Node_Expression_Function))
#2 /train/sites/www.gajetzki.com/html-calendar-to-ics/vendor/twig/twig/lib/Twig/Node/Expression/Filter.php(32): Twig_Node_Expression_Filter->compileFilter(Object(Twig_Compiler), Object(Twig_Filter_Function))
#3 /train/sites/www.gajetzki.com/html-calendar-to-ics/vendor/twig/twig/lib/Twig/Compiler.php(98): Twig_Node_Expression_Filter->compile(Object(Twig_Compiler))
#4 /train/sites/www.gajetzki.com/html-calendar-to-ics/vendor/twig/twig/lib/Twig/Node/Print.php(36): Twig_Compiler->subcompile(Object(Twig_Node_Expression_Filter))
#5 /train/sites/www.gajetzki.com/html-calendar-to-ics/vendor/twig/twig/lib/Twig/Node.php(106): Twig_Node_Print->compile(Object(Twig_Compiler))
#6 /train/sites/www.gajetzki.com/html-calendar-to-ics/vendor/twig/twig/lib/Twig/Node.php(106): Twig_Node->compile(Object(Twig_Compiler))
#7 /train/sites/www.gajetzki.com/html-calendar-to-ics/vendor/twig/twig/lib/Twig/Compiler.php(98): Twig_Node->compile(Object(Twig_Compiler))
#8 /train/sites/www.gajetzki.com/html-calendar-to-ics/vendor/twig/twig/lib/Twig/Node/For.php(90): Twig_Compiler->subcompile(Object(Twig_Node))
#9 /train/sites/www.gajetzki.com/html-calendar-to-ics/vendor/twig/twig/lib/Twig/Node.php(106): Twig_Node_For->compile(Object(Twig_Compiler))
#10 /train/sites/www.gajetzki.com/html-calendar-to-ics/vendor/twig/twig/lib/Twig/Compiler.php(98): Twig_Node->compile(Object(Twig_Compiler))
#11 /train/sites/www.gajetzki.com/html-calendar-to-ics/vendor/twig/twig/lib/Twig/Node/Block.php(40): Twig_Compiler->subcompile(Object(Twig_Node))
#12 /train/sites/www.gajetzki.com/html-calendar-to-ics/vendor/twig/twig/lib/Twig/Node.php(106): Twig_Node_Block->compile(Object(Twig_Compiler))
#13 /train/sites/www.gajetzki.com/html-calendar-to-ics/vendor/twig/twig/lib/Twig/Node.php(106): Twig_Node->compile(Object(Twig_Compiler))
#14 /train/sites/www.gajetzki.com/html-calendar-to-ics/vendor/twig/twig/lib/Twig/Compiler.php(98): Twig_Node->compile(Object(Twig_Compiler))
#15 /train/sites/www.gajetzki.com/html-calendar-to-ics/vendor/twig/twig/lib/Twig/Node/Module.php(66): Twig_Compiler->subcompile(Object(Twig_Node))
#16 /train/sites/www.gajetzki.com/html-calendar-to-ics/vendor/twig/twig/lib/Twig/Node/Module.php(39): Twig_Node_Module->compileTemplate(Object(Twig_Compiler))
#17 /train/sites/www.gajetzki.com/html-calendar-to-ics/vendor/twig/twig/lib/Twig/Compiler.php(87): Twig_Node_Module->compile(Object(Twig_Compiler))
#18 /train/sites/www.gajetzki.com/html-calendar-to-ics/vendor/twig/twig/lib/Twig/Environment.php(522): Twig_Compiler->compile(Object(Twig_Node_Module))
#19 /train/sites/www.gajetzki.com/html-calendar-to-ics/vendor/twig/twig/lib/Twig/Environment.php(536): Twig_Environment->compile(Object(Twig_Node_Module))
#20 /train/sites/www.gajetzki.com/html-calendar-to-ics/vendor/twig/twig/lib/Twig/Environment.php(330): Twig_Environment->compileSource('{% extends "bas...', 'index.html.twig')
#21 /train/sites/www.gajetzki.com/html-calendar-to-ics/vendor/slim/extras/Slim/Extras/Views/Twig.php(97): Twig_Environment->loadTemplate('index.html.twig')
#22 /train/sites/www.gajetzki.com/html-calendar-to-ics/vendor/slim/slim/Slim/View.php(195): Slim\Extras\Views\Twig->render('index.html.twig')
#23 /train/sites/www.gajetzki.com/html-calendar-to-ics/vendor/slim/slim/Slim/View.php(182): Slim\View->fetch('index.html.twig')
#24 /train/sites/www.gajetzki.com/html-calendar-to-ics/vendor/slim/slim/Slim/Slim.php(665): Slim\View->display('index.html.twig')
#25 /train/sites/www.gajetzki.com/html-calendar-to-ics/public/index.php(45): Slim\Slim->render('index.html.twig', Array)
#26 [internal function]: {closure}()
#27 /train/sites/www.gajetzki.com/html-calendar-to-ics/vendor/slim/slim/Slim/Router.php(200): call_user_func_array(Object(Closure), Array)
#28 /train/sites/www.gajetzki.com/html-calendar-to-ics/vendor/slim/slim/Slim/Slim.php(1218): Slim\Router->dispatch(Object(Slim\Route))
#29 /train/sites/www.gajetzki.com/html-calendar-to-ics/vendor/slim/slim/Slim/Middleware/Flash.php(86): Slim\Slim->call()
#30 /train/sites/www.gajetzki.com/html-calendar-to-ics/vendor/slim/slim/Slim/Middleware/MethodOverride.php(94): Slim\Middleware\Flash->call()
#31 /train/sites/www.gajetzki.com/html-calendar-to-ics/vendor/slim/slim/Slim/Middleware/PrettyExceptions.php(67): Slim\Middleware\MethodOverride->call()
#32 /train/sites/www.gajetzki.com/html-calendar-to-ics/vendor/slim/slim/Slim/Slim.php(1167): Slim\Middleware\PrettyExceptions->call()
#33 /train/sites/www.gajetzki.com/html-calendar-to-ics/public/index.php(60): Slim\Slim->run()
#34 {main}
ERROR - 2012-11-12T19:17:21-07:00 - exception 'Twig_Error_Syntax' with message 'The function "debug" does not exist in "index.html.twig" at line 14' in /train/sites/www.gajetzki.com/html-calendar-to-ics/vendor/twig/twig/lib/Twig/Node/Expression/Function.php:28
Stack trace:
#0 /train/sites/www.gajetzki.com/html-calendar-to-ics/vendor/twig/twig/lib/Twig/Compiler.php(98): Twig_Node_Expression_Function->compile(Object(Twig_Compiler))
#1 /train/sites/www.gajetzki.com/html-calendar-to-ics/vendor/twig/twig/lib/Twig/Node/Expression/Filter.php(50): Twig_Compiler->subcompile(Object(Twig_Node_Expression_Function))
#2 /train/sites/www.gajetzki.com/html-calendar-to-ics/vendor/twig/twig/lib/Twig/Node/Expression/Filter.php(32): Twig_Node_Expression_Filter->compileFilter(Object(Twig_Compiler), Object(Twig_Filter_Function))
#3 /train/sites/www.gajetzki.com/html-calendar-to-ics/vendor/twig/twig/lib/Twig/Compiler.php(98): Twig_Node_Expression_Filter->compile(Object(Twig_Compiler))
#4 /train/sites/www.gajetzki.com/html-calendar-to-ics/vendor/twig/twig/lib/Twig/Node/Print.php(36): Twig_Compiler->subcompile(Object(Twig_Node_Expression_Filter))
#5 /train/sites/www.gajetzki.com/html-calendar-to-ics/vendor/twig/twig/lib/Twig/Node.php(106): Twig_Node_Print->compile(Object(Twig_Compiler))
#6 /train/sites/www.gajetzki.com/html-calendar-to-ics/vendor/twig/twig/lib/Twig/Node.php(106): Twig_Node->compile(Object(Twig_Compiler))
#7 /train/sites/www.gajetzki.com/html-calendar-to-ics/vendor/twig/twig/lib/Twig/Compiler.php(98): Twig_Node->compile(Object(Twig_Compiler))
#8 /train/sites/www.gajetzki.com/html-calendar-to-ics/vendor/twig/twig/lib/Twig/Node/For.php(90): Twig_Compiler->subcompile(Object(Twig_Node))
#9 /train/sites/www.gajetzki.com/html-calendar-to-ics/vendor/twig/twig/lib/Twig/Node.php(106): Twig_Node_For->compile(Object(Twig_Compiler))
#10 /train/sites/www.gajetzki.com/html-calendar-to-ics/vendor/twig/twig/lib/Twig/Compiler.php(98): Twig_Node->compile(Object(Twig_Compiler))
#11 /train/sites/www.gajetzki.com/html-calendar-to-ics/vendor/twig/twig/lib/Twig/Node/Block.php(40): Twig_Compiler->subcompile(Object(Twig_Node))
#12 /train/sites/www.gajetzki.com/html-calendar-to-ics/vendor/twig/twig/lib/Twig/Node.php(106): Twig_Node_Block->compile(Object(Twig_Compiler))
#13 /train/sites/www.gajetzki.com/html-calendar-to-ics/vendor/twig/twig/lib/Twig/Node.php(106): Twig_Node->compile(Object(Twig_Compiler))
#14 /train/sites/www.gajetzki.com/html-calendar-to-ics/vendor/twig/twig/lib/Twig/Compiler.php(98): Twig_Node->compile(Object(Twig_Compiler))
#15 /train/sites/www.gajetzki.com/html-calendar-to-ics/vendor/twig/twig/lib/Twig/Node/Module.php(66): Twig_Compiler->subcompile(Object(Twig_Node))
#16 /train/sites/www.gajetzki.com/html-calendar-to-ics/vendor/twig/twig/lib/Twig/Node/Module.php(39): Twig_Node_Module->compileTemplate(Object(Twig_Compiler))
#17 /train/sites/www.gajetzki.com/html-calendar-to-ics/vendor/twig/twig/lib/Twig/Compiler.php(87): Twig_Node_Module->compile(Object(Twig_Compiler))
#18 /train/sites/www.gajetzki.com/html-calendar-to-ics/vendor/twig/twig/lib/Twig/Environment.php(522): Twig_Compiler->compile(Object(Twig_Node_Module))
#19 /train/sites/www.gajetzki.com/html-calendar-to-ics/vendor/twig/twig/lib/Twig/Environment.php(536): Twig_Environment->compile(Object(Twig_Node_Module))
#20 /train/sites/www.gajetzki.com/html-calendar-to-ics/vendor/twig/twig/lib/Twig/Environment.php(330): Twig_Environment->compileSource('{% extends "bas...', 'index.html.twig')
#21 /train/sites/www.gajetzki.com/html-calendar-to-ics/vendor/slim/extras/Slim/Extras/Views/Twig.php(97): Twig_Environment->loadTemplate('index.html.twig')
#22 /train/sites/www.gajetzki.com/html-calendar-to-ics/vendor/slim/slim/Slim/View.php(195): Slim\Extras\Views\Twig->render('index.html.twig')
#23 /train/sites/www.gajetzki.com/html-calendar-to-ics/vendor/slim/slim/Slim/View.php(182): Slim\View->fetch('index.html.twig')
#24 /train/sites/www.gajetzki.com/html-calendar-to-ics/vendor/slim/slim/Slim/Slim.php(665): Slim\View->display('index.html.twig')
#25 /train/sites/www.gajetzki.com/html-calendar-to-ics/public/index.php(45): Slim\Slim->render('index.html.twig', Array)
#26 [internal function]: {closure}()
#27 /train/sites/www.gajetzki.com/html-calendar-to-ics/vendor/slim/slim/Slim/Router.php(200): call_user_func_array(Object(Closure), Array)
#28 /train/sites/www.gajetzki.com/html-calendar-to-ics/vendor/slim/slim/Slim/Slim.php(1218): Slim\Router->dispatch(Object(Slim\Route))
#29 /train/sites/www.gajetzki.com/html-calendar-to-ics/vendor/slim/slim/Slim/Middleware/Flash.php(86): Slim\Slim->call()
#30 /train/sites/www.gajetzki.com/html-calendar-to-ics/vendor/slim/slim/Slim/Middleware/MethodOverride.php(94): Slim\Middleware\Flash->call()
#31 /train/sites/www.gajetzki.com/html-calendar-to-ics/vendor/slim/slim/Slim/Middleware/PrettyExceptions.php(67): Slim\Middleware\MethodOverride->call()
#32 /train/sites/www.gajetzki.com/html-calendar-to-ics/vendor/slim/slim/Slim/Slim.php(1167): Slim\Middleware\PrettyExceptions->call()
#33 /train/sites/www.gajetzki.com/html-calendar-to-ics/public/index.php(60): Slim\Slim->run()
#34 {main}
ERROR - 2012-11-12T19:18:10-07:00 - exception 'Twig_Error_Syntax' with message 'The function "dump" does not exist in "index.html.twig" at line 14' in /train/sites/www.gajetzki.com/html-calendar-to-ics/vendor/twig/twig/lib/Twig/Node/Expression/Function.php:28
Stack trace:
#0 /train/sites/www.gajetzki.com/html-calendar-to-ics/vendor/twig/twig/lib/Twig/Compiler.php(98): Twig_Node_Expression_Function->compile(Object(Twig_Compiler))
#1 /train/sites/www.gajetzki.com/html-calendar-to-ics/vendor/twig/twig/lib/Twig/Node/Expression/Filter.php(50): Twig_Compiler->subcompile(Object(Twig_Node_Expression_Function))
#2 /train/sites/www.gajetzki.com/html-calendar-to-ics/vendor/twig/twig/lib/Twig/Node/Expression/Filter.php(32): Twig_Node_Expression_Filter->compileFilter(Object(Twig_Compiler), Object(Twig_Filter_Function))
#3 /train/sites/www.gajetzki.com/html-calendar-to-ics/vendor/twig/twig/lib/Twig/Compiler.php(98): Twig_Node_Expression_Filter->compile(Object(Twig_Compiler))
#4 /train/sites/www.gajetzki.com/html-calendar-to-ics/vendor/twig/twig/lib/Twig/Node/Print.php(36): Twig_Compiler->subcompile(Object(Twig_Node_Expression_Filter))
#5 /train/sites/www.gajetzki.com/html-calendar-to-ics/vendor/twig/twig/lib/Twig/Node.php(106): Twig_Node_Print->compile(Object(Twig_Compiler))
#6 /train/sites/www.gajetzki.com/html-calendar-to-ics/vendor/twig/twig/lib/Twig/Node.php(106): Twig_Node->compile(Object(Twig_Compiler))
#7 /train/sites/www.gajetzki.com/html-calendar-to-ics/vendor/twig/twig/lib/Twig/Compiler.php(98): Twig_Node->compile(Object(Twig_Compiler))
#8 /train/sites/www.gajetzki.com/html-calendar-to-ics/vendor/twig/twig/lib/Twig/Node/For.php(90): Twig_Compiler->subcompile(Object(Twig_Node))
#9 /train/sites/www.gajetzki.com/html-calendar-to-ics/vendor/twig/twig/lib/Twig/Node.php(106): Twig_Node_For->compile(Object(Twig_Compiler))
#10 /train/sites/www.gajetzki.com/html-calendar-to-ics/vendor/twig/twig/lib/Twig/Compiler.php(98): Twig_Node->compile(Object(Twig_Compiler))
#11 /train/sites/www.gajetzki.com/html-calendar-to-ics/vendor/twig/twig/lib/Twig/Node/Block.php(40): Twig_Compiler->subcompile(Object(Twig_Node))
#12 /train/sites/www.gajetzki.com/html-calendar-to-ics/vendor/twig/twig/lib/Twig/Node.php(106): Twig_Node_Block->compile(Object(Twig_Compiler))
#13 /train/sites/www.gajetzki.com/html-calendar-to-ics/vendor/twig/twig/lib/Twig/Node.php(106): Twig_Node->compile(Object(Twig_Compiler))
#14 /train/sites/www.gajetzki.com/html-calendar-to-ics/vendor/twig/twig/lib/Twig/Compiler.php(98): Twig_Node->compile(Object(Twig_Compiler))
#15 /train/sites/www.gajetzki.com/html-calendar-to-ics/vendor/twig/twig/lib/Twig/Node/Module.php(66): Twig_Compiler->subcompile(Object(Twig_Node))
#16 /train/sites/www.gajetzki.com/html-calendar-to-ics/vendor/twig/twig/lib/Twig/Node/Module.php(39): Twig_Node_Module->compileTemplate(Object(Twig_Compiler))
#17 /train/sites/www.gajetzki.com/html-calendar-to-ics/vendor/twig/twig/lib/Twig/Compiler.php(87): Twig_Node_Module->compile(Object(Twig_Compiler))
#18 /train/sites/www.gajetzki.com/html-calendar-to-ics/vendor/twig/twig/lib/Twig/Environment.php(522): Twig_Compiler->compile(Object(Twig_Node_Module))
#19 /train/sites/www.gajetzki.com/html-calendar-to-ics/vendor/twig/twig/lib/Twig/Environment.php(536): Twig_Environment->compile(Object(Twig_Node_Module))
#20 /train/sites/www.gajetzki.com/html-calendar-to-ics/vendor/twig/twig/lib/Twig/Environment.php(330): Twig_Environment->compileSource('{% extends "bas...', 'index.html.twig')
#21 /train/sites/www.gajetzki.com/html-calendar-to-ics/vendor/slim/extras/Slim/Extras/Views/Twig.php(97): Twig_Environment->loadTemplate('index.html.twig')
#22 /train/sites/www.gajetzki.com/html-calendar-to-ics/vendor/slim/slim/Slim/View.php(195): Slim\Extras\Views\Twig->render('index.html.twig')
#23 /train/sites/www.gajetzki.com/html-calendar-to-ics/vendor/slim/slim/Slim/View.php(182): Slim\View->fetch('index.html.twig')
#24 /train/sites/www.gajetzki.com/html-calendar-to-ics/vendor/slim/slim/Slim/Slim.php(665): Slim\View->display('index.html.twig')
#25 /train/sites/www.gajetzki.com/html-calendar-to-ics/public/index.php(46): Slim\Slim->render('index.html.twig', Array)
#26 [internal function]: {closure}()
#27 /train/sites/www.gajetzki.com/html-calendar-to-ics/vendor/slim/slim/Slim/Router.php(200): call_user_func_array(Object(Closure), Array)
#28 /train/sites/www.gajetzki.com/html-calendar-to-ics/vendor/slim/slim/Slim/Slim.php(1218): Slim\Router->dispatch(Object(Slim\Route))
#29 /train/sites/www.gajetzki.com/html-calendar-to-ics/vendor/slim/slim/Slim/Middleware/Flash.php(86): Slim\Slim->call()
#30 /train/sites/www.gajetzki.com/html-calendar-to-ics/vendor/slim/slim/Slim/Middleware/MethodOverride.php(94): Slim\Middleware\Flash->call()
#31 /train/sites/www.gajetzki.com/html-calendar-to-ics/vendor/slim/slim/Slim/Middleware/PrettyExceptions.php(67): Slim\Middleware\MethodOverride->call()
#32 /train/sites/www.gajetzki.com/html-calendar-to-ics/vendor/slim/slim/Slim/Slim.php(1167): Slim\Middleware\PrettyExceptions->call()
#33 /train/sites/www.gajetzki.com/html-calendar-to-ics/public/index.php(61): Slim\Slim->run()
#34 {main}
ERROR - 2012-11-12T19:20:59-07:00 - exception 'Twig_Error_Syntax' with message 'The function "dump" does not exist in "index.html.twig" at line 14' in /train/sites/www.gajetzki.com/html-calendar-to-ics/vendor/twig/twig/lib/Twig/Node/Expression/Function.php:28
Stack trace:
#0 /train/sites/www.gajetzki.com/html-calendar-to-ics/vendor/twig/twig/lib/Twig/Compiler.php(98): Twig_Node_Expression_Function->compile(Object(Twig_Compiler))
#1 /train/sites/www.gajetzki.com/html-calendar-to-ics/vendor/twig/twig/lib/Twig/Node/Expression/Filter.php(50): Twig_Compiler->subcompile(Object(Twig_Node_Expression_Function))
#2 /train/sites/www.gajetzki.com/html-calendar-to-ics/vendor/twig/twig/lib/Twig/Node/Expression/Filter.php(32): Twig_Node_Expression_Filter->compileFilter(Object(Twig_Compiler), Object(Twig_Filter_Function))
#3 /train/sites/www.gajetzki.com/html-calendar-to-ics/vendor/twig/twig/lib/Twig/Compiler.php(98): Twig_Node_Expression_Filter->compile(Object(Twig_Compiler))
#4 /train/sites/www.gajetzki.com/html-calendar-to-ics/vendor/twig/twig/lib/Twig/Node/Print.php(36): Twig_Compiler->subcompile(Object(Twig_Node_Expression_Filter))
#5 /train/sites/www.gajetzki.com/html-calendar-to-ics/vendor/twig/twig/lib/Twig/Node.php(106): Twig_Node_Print->compile(Object(Twig_Compiler))
#6 /train/sites/www.gajetzki.com/html-calendar-to-ics/vendor/twig/twig/lib/Twig/Node.php(106): Twig_Node->compile(Object(Twig_Compiler))
#7 /train/sites/www.gajetzki.com/html-calendar-to-ics/vendor/twig/twig/lib/Twig/Compiler.php(98): Twig_Node->compile(Object(Twig_Compiler))
#8 /train/sites/www.gajetzki.com/html-calendar-to-ics/vendor/twig/twig/lib/Twig/Node/For.php(90): Twig_Compiler->subcompile(Object(Twig_Node))
#9 /train/sites/www.gajetzki.com/html-calendar-to-ics/vendor/twig/twig/lib/Twig/Node.php(106): Twig_Node_For->compile(Object(Twig_Compiler))
#10 /train/sites/www.gajetzki.com/html-calendar-to-ics/vendor/twig/twig/lib/Twig/Compiler.php(98): Twig_Node->compile(Object(Twig_Compiler))
#11 /train/sites/www.gajetzki.com/html-calendar-to-ics/vendor/twig/twig/lib/Twig/Node/Block.php(40): Twig_Compiler->subcompile(Object(Twig_Node))
#12 /train/sites/www.gajetzki.com/html-calendar-to-ics/vendor/twig/twig/lib/Twig/Node.php(106): Twig_Node_Block->compile(Object(Twig_Compiler))
#13 /train/sites/www.gajetzki.com/html-calendar-to-ics/vendor/twig/twig/lib/Twig/Node.php(106): Twig_Node->compile(Object(Twig_Compiler))
#14 /train/sites/www.gajetzki.com/html-calendar-to-ics/vendor/twig/twig/lib/Twig/Compiler.php(98): Twig_Node->compile(Object(Twig_Compiler))
#15 /train/sites/www.gajetzki.com/html-calendar-to-ics/vendor/twig/twig/lib/Twig/Node/Module.php(66): Twig_Compiler->subcompile(Object(Twig_Node))
#16 /train/sites/www.gajetzki.com/html-calendar-to-ics/vendor/twig/twig/lib/Twig/Node/Module.php(39): Twig_Node_Module->compileTemplate(Object(Twig_Compiler))
#17 /train/sites/www.gajetzki.com/html-calendar-to-ics/vendor/twig/twig/lib/Twig/Compiler.php(87): Twig_Node_Module->compile(Object(Twig_Compiler))
#18 /train/sites/www.gajetzki.com/html-calendar-to-ics/vendor/twig/twig/lib/Twig/Environment.php(522): Twig_Compiler->compile(Object(Twig_Node_Module))
#19 /train/sites/www.gajetzki.com/html-calendar-to-ics/vendor/twig/twig/lib/Twig/Environment.php(536): Twig_Environment->compile(Object(Twig_Node_Module))
#20 /train/sites/www.gajetzki.com/html-calendar-to-ics/vendor/twig/twig/lib/Twig/Environment.php(330): Twig_Environment->compileSource('{% extends "bas...', 'index.html.twig')
#21 /train/sites/www.gajetzki.com/html-calendar-to-ics/vendor/slim/extras/Slim/Extras/Views/Twig.php(97): Twig_Environment->loadTemplate('index.html.twig')
#22 /train/sites/www.gajetzki.com/html-calendar-to-ics/vendor/slim/slim/Slim/View.php(195): Slim\Extras\Views\Twig->render('index.html.twig')
#23 /train/sites/www.gajetzki.com/html-calendar-to-ics/vendor/slim/slim/Slim/View.php(182): Slim\View->fetch('index.html.twig')
#24 /train/sites/www.gajetzki.com/html-calendar-to-ics/vendor/slim/slim/Slim/Slim.php(665): Slim\View->display('index.html.twig')
#25 /train/sites/www.gajetzki.com/html-calendar-to-ics/public/index.php(46): Slim\Slim->render('index.html.twig', Array)
#26 [internal function]: {closure}()
#27 /train/sites/www.gajetzki.com/html-calendar-to-ics/vendor/slim/slim/Slim/Router.php(200): call_user_func_array(Object(Closure), Array)
#28 /train/sites/www.gajetzki.com/html-calendar-to-ics/vendor/slim/slim/Slim/Slim.php(1218): Slim\Router->dispatch(Object(Slim\Route))
#29 /train/sites/www.gajetzki.com/html-calendar-to-ics/vendor/slim/slim/Slim/Middleware/Flash.php(86): Slim\Slim->call()
#30 /train/sites/www.gajetzki.com/html-calendar-to-ics/vendor/slim/slim/Slim/Middleware/MethodOverride.php(94): Slim\Middleware\Flash->call()
#31 /train/sites/www.gajetzki.com/html-calendar-to-ics/vendor/slim/slim/Slim/Middleware/PrettyExceptions.php(67): Slim\Middleware\MethodOverride->call()
#32 /train/sites/www.gajetzki.com/html-calendar-to-ics/vendor/slim/slim/Slim/Slim.php(1167): Slim\Middleware\PrettyExceptions->call()
#33 /train/sites/www.gajetzki.com/html-calendar-to-ics/public/index.php(61): Slim\Slim->run()
#34 {main}
ERROR - 2012-11-12T19:21:16-07:00 - exception 'Twig_Error_Syntax' with message 'The function "dump" does not exist in "index.html.twig" at line 14' in /train/sites/www.gajetzki.com/html-calendar-to-ics/vendor/twig/twig/lib/Twig/Node/Expression/Function.php:28
Stack trace:
#0 /train/sites/www.gajetzki.com/html-calendar-to-ics/vendor/twig/twig/lib/Twig/Compiler.php(98): Twig_Node_Expression_Function->compile(Object(Twig_Compiler))
#1 /train/sites/www.gajetzki.com/html-calendar-to-ics/vendor/twig/twig/lib/Twig/Node/Expression/Filter.php(50): Twig_Compiler->subcompile(Object(Twig_Node_Expression_Function))
#2 /train/sites/www.gajetzki.com/html-calendar-to-ics/vendor/twig/twig/lib/Twig/Node/Expression/Filter.php(32): Twig_Node_Expression_Filter->compileFilter(Object(Twig_Compiler), Object(Twig_Filter_Function))
#3 /train/sites/www.gajetzki.com/html-calendar-to-ics/vendor/twig/twig/lib/Twig/Compiler.php(98): Twig_Node_Expression_Filter->compile(Object(Twig_Compiler))
#4 /train/sites/www.gajetzki.com/html-calendar-to-ics/vendor/twig/twig/lib/Twig/Node/Print.php(36): Twig_Compiler->subcompile(Object(Twig_Node_Expression_Filter))
#5 /train/sites/www.gajetzki.com/html-calendar-to-ics/vendor/twig/twig/lib/Twig/Node.php(106): Twig_Node_Print->compile(Object(Twig_Compiler))
#6 /train/sites/www.gajetzki.com/html-calendar-to-ics/vendor/twig/twig/lib/Twig/Node.php(106): Twig_Node->compile(Object(Twig_Compiler))
#7 /train/sites/www.gajetzki.com/html-calendar-to-ics/vendor/twig/twig/lib/Twig/Compiler.php(98): Twig_Node->compile(Object(Twig_Compiler))
#8 /train/sites/www.gajetzki.com/html-calendar-to-ics/vendor/twig/twig/lib/Twig/Node/For.php(90): Twig_Compiler->subcompile(Object(Twig_Node))
#9 /train/sites/www.gajetzki.com/html-calendar-to-ics/vendor/twig/twig/lib/Twig/Node.php(106): Twig_Node_For->compile(Object(Twig_Compiler))
#10 /train/sites/www.gajetzki.com/html-calendar-to-ics/vendor/twig/twig/lib/Twig/Compiler.php(98): Twig_Node->compile(Object(Twig_Compiler))
#11 /train/sites/www.gajetzki.com/html-calendar-to-ics/vendor/twig/twig/lib/Twig/Node/Block.php(40): Twig_Compiler->subcompile(Object(Twig_Node))
#12 /train/sites/www.gajetzki.com/html-calendar-to-ics/vendor/twig/twig/lib/Twig/Node.php(106): Twig_Node_Block->compile(Object(Twig_Compiler))
#13 /train/sites/www.gajetzki.com/html-calendar-to-ics/vendor/twig/twig/lib/Twig/Node.php(106): Twig_Node->compile(Object(Twig_Compiler))
#14 /train/sites/www.gajetzki.com/html-calendar-to-ics/vendor/twig/twig/lib/Twig/Compiler.php(98): Twig_Node->compile(Object(Twig_Compiler))
#15 /train/sites/www.gajetzki.com/html-calendar-to-ics/vendor/twig/twig/lib/Twig/Node/Module.php(66): Twig_Compiler->subcompile(Object(Twig_Node))
#16 /train/sites/www.gajetzki.com/html-calendar-to-ics/vendor/twig/twig/lib/Twig/Node/Module.php(39): Twig_Node_Module->compileTemplate(Object(Twig_Compiler))
#17 /train/sites/www.gajetzki.com/html-calendar-to-ics/vendor/twig/twig/lib/Twig/Compiler.php(87): Twig_Node_Module->compile(Object(Twig_Compiler))
#18 /train/sites/www.gajetzki.com/html-calendar-to-ics/vendor/twig/twig/lib/Twig/Environment.php(522): Twig_Compiler->compile(Object(Twig_Node_Module))
#19 /train/sites/www.gajetzki.com/html-calendar-to-ics/vendor/twig/twig/lib/Twig/Environment.php(536): Twig_Environment->compile(Object(Twig_Node_Module))
#20 /train/sites/www.gajetzki.com/html-calendar-to-ics/vendor/twig/twig/lib/Twig/Environment.php(330): Twig_Environment->compileSource('{% extends "bas...', 'index.html.twig')
#21 /train/sites/www.gajetzki.com/html-calendar-to-ics/vendor/slim/extras/Slim/Extras/Views/Twig.php(97): Twig_Environment->loadTemplate('index.html.twig')
#22 /train/sites/www.gajetzki.com/html-calendar-to-ics/vendor/slim/slim/Slim/View.php(195): Slim\Extras\Views\Twig->render('index.html.twig')
#23 /train/sites/www.gajetzki.com/html-calendar-to-ics/vendor/slim/slim/Slim/View.php(182): Slim\View->fetch('index.html.twig')
#24 /train/sites/www.gajetzki.com/html-calendar-to-ics/vendor/slim/slim/Slim/Slim.php(665): Slim\View->display('index.html.twig')
#25 /train/sites/www.gajetzki.com/html-calendar-to-ics/public/index.php(46): Slim\Slim->render('index.html.twig', Array)
#26 [internal function]: {closure}()
#27 /train/sites/www.gajetzki.com/html-calendar-to-ics/vendor/slim/slim/Slim/Router.php(200): call_user_func_array(Object(Closure), Array)
#28 /train/sites/www.gajetzki.com/html-calendar-to-ics/vendor/slim/slim/Slim/Slim.php(1218): Slim\Router->dispatch(Object(Slim\Route))
#29 /train/sites/www.gajetzki.com/html-calendar-to-ics/vendor/slim/slim/Slim/Middleware/Flash.php(86): Slim\Slim->call()
#30 /train/sites/www.gajetzki.com/html-calendar-to-ics/vendor/slim/slim/Slim/Middleware/MethodOverride.php(94): Slim\Middleware\Flash->call()
#31 /train/sites/www.gajetzki.com/html-calendar-to-ics/vendor/slim/slim/Slim/Middleware/PrettyExceptions.php(67): Slim\Middleware\MethodOverride->call()
#32 /train/sites/www.gajetzki.com/html-calendar-to-ics/vendor/slim/slim/Slim/Slim.php(1167): Slim\Middleware\PrettyExceptions->call()
#33 /train/sites/www.gajetzki.com/html-calendar-to-ics/public/index.php(61): Slim\Slim->run()
#34 {main}
ERROR - 2012-11-12T19:27:39-07:00 - exception 'Twig_Error_Syntax' with message 'Expected name or number in "index.html.twig" at line 13' in /train/sites/www.gajetzki.com/html-calendar-to-ics/vendor/twig/twig/lib/Twig/ExpressionParser.php:354
Stack trace:
#0 /train/sites/www.gajetzki.com/html-calendar-to-ics/vendor/twig/twig/lib/Twig/ExpressionParser.php(274): Twig_ExpressionParser->parseSubscriptExpression(Object(Twig_Node_Expression_Name))
#1 /train/sites/www.gajetzki.com/html-calendar-to-ics/vendor/twig/twig/lib/Twig/ExpressionParser.php(165): Twig_ExpressionParser->parsePostfixExpression(Object(Twig_Node_Expression_Name))
#2 /train/sites/www.gajetzki.com/html-calendar-to-ics/vendor/twig/twig/lib/Twig/ExpressionParser.php(85): Twig_ExpressionParser->parsePrimaryExpression()
#3 /train/sites/www.gajetzki.com/html-calendar-to-ics/vendor/twig/twig/lib/Twig/ExpressionParser.php(42): Twig_ExpressionParser->getPrimary()
#4 /train/sites/www.gajetzki.com/html-calendar-to-ics/vendor/twig/twig/lib/Twig/Parser.php(146): Twig_ExpressionParser->parseExpression()
#5 /train/sites/www.gajetzki.com/html-calendar-to-ics/vendor/twig/twig/lib/Twig/TokenParser/For.php(47): Twig_Parser->subparse(Array)
#6 /train/sites/www.gajetzki.com/html-calendar-to-ics/vendor/twig/twig/lib/Twig/Parser.php(192): Twig_TokenParser_For->parse(Object(Twig_Token))
#7 /train/sites/www.gajetzki.com/html-calendar-to-ics/vendor/twig/twig/lib/Twig/TokenParser/Block.php(47): Twig_Parser->subparse(Array, true)
#8 /train/sites/www.gajetzki.com/html-calendar-to-ics/vendor/twig/twig/lib/Twig/Parser.php(192): Twig_TokenParser_Block->parse(Object(Twig_Token))
#9 /train/sites/www.gajetzki.com/html-calendar-to-ics/vendor/twig/twig/lib/Twig/Parser.php(100): Twig_Parser->subparse(NULL, false)
#10 /train/sites/www.gajetzki.com/html-calendar-to-ics/vendor/twig/twig/lib/Twig/Environment.php(486): Twig_Parser->parse(Object(Twig_TokenStream))
#11 /train/sites/www.gajetzki.com/html-calendar-to-ics/vendor/twig/twig/lib/Twig/Environment.php(536): Twig_Environment->parse(Object(Twig_TokenStream))
#12 /train/sites/www.gajetzki.com/html-calendar-to-ics/vendor/twig/twig/lib/Twig/Environment.php(330): Twig_Environment->compileSource('{% extends "bas...', 'index.html.twig')
#13 /train/sites/www.gajetzki.com/html-calendar-to-ics/vendor/slim/extras/Slim/Extras/Views/Twig.php(97): Twig_Environment->loadTemplate('index.html.twig')
#14 /train/sites/www.gajetzki.com/html-calendar-to-ics/vendor/slim/slim/Slim/View.php(195): Slim\Extras\Views\Twig->render('index.html.twig')
#15 /train/sites/www.gajetzki.com/html-calendar-to-ics/vendor/slim/slim/Slim/View.php(182): Slim\View->fetch('index.html.twig')
#16 /train/sites/www.gajetzki.com/html-calendar-to-ics/vendor/slim/slim/Slim/Slim.php(665): Slim\View->display('index.html.twig')
#17 /train/sites/www.gajetzki.com/html-calendar-to-ics/public/index.php(45): Slim\Slim->render('index.html.twig', Array)
#18 [internal function]: {closure}()
#19 /train/sites/www.gajetzki.com/html-calendar-to-ics/vendor/slim/slim/Slim/Router.php(200): call_user_func_array(Object(Closure), Array)
#20 /train/sites/www.gajetzki.com/html-calendar-to-ics/vendor/slim/slim/Slim/Slim.php(1218): Slim\Router->dispatch(Object(Slim\Route))
#21 /train/sites/www.gajetzki.com/html-calendar-to-ics/vendor/slim/slim/Slim/Middleware/Flash.php(86): Slim\Slim->call()
#22 /train/sites/www.gajetzki.com/html-calendar-to-ics/vendor/slim/slim/Slim/Middleware/MethodOverride.php(94): Slim\Middleware\Flash->call()
#23 /train/sites/www.gajetzki.com/html-calendar-to-ics/vendor/slim/slim/Slim/Middleware/PrettyExceptions.php(67): Slim\Middleware\MethodOverride->call()
#24 /train/sites/www.gajetzki.com/html-calendar-to-ics/vendor/slim/slim/Slim/Slim.php(1167): Slim\Middleware\PrettyExceptions->call()
#25 /train/sites/www.gajetzki.com/html-calendar-to-ics/public/index.php(60): Slim\Slim->run()
#26 {main}
ERROR - 2012-11-12T19:27:59-07:00 - exception 'Twig_Error_Syntax' with message 'Expected name or number in "index.html.twig" at line 13' in /train/sites/www.gajetzki.com/html-calendar-to-ics/vendor/twig/twig/lib/Twig/ExpressionParser.php:354
Stack trace:
#0 /train/sites/www.gajetzki.com/html-calendar-to-ics/vendor/twig/twig/lib/Twig/ExpressionParser.php(274): Twig_ExpressionParser->parseSubscriptExpression(Object(Twig_Node_Expression_Name))
#1 /train/sites/www.gajetzki.com/html-calendar-to-ics/vendor/twig/twig/lib/Twig/ExpressionParser.php(165): Twig_ExpressionParser->parsePostfixExpression(Object(Twig_Node_Expression_Name))
#2 /train/sites/www.gajetzki.com/html-calendar-to-ics/vendor/twig/twig/lib/Twig/ExpressionParser.php(85): Twig_ExpressionParser->parsePrimaryExpression()
#3 /train/sites/www.gajetzki.com/html-calendar-to-ics/vendor/twig/twig/lib/Twig/ExpressionParser.php(42): Twig_ExpressionParser->getPrimary()
#4 /train/sites/www.gajetzki.com/html-calendar-to-ics/vendor/twig/twig/lib/Twig/Parser.php(146): Twig_ExpressionParser->parseExpression()
#5 /train/sites/www.gajetzki.com/html-calendar-to-ics/vendor/twig/twig/lib/Twig/TokenParser/For.php(47): Twig_Parser->subparse(Array)
#6 /train/sites/www.gajetzki.com/html-calendar-to-ics/vendor/twig/twig/lib/Twig/Parser.php(192): Twig_TokenParser_For->parse(Object(Twig_Token))
#7 /train/sites/www.gajetzki.com/html-calendar-to-ics/vendor/twig/twig/lib/Twig/TokenParser/Block.php(47): Twig_Parser->subparse(Array, true)
#8 /train/sites/www.gajetzki.com/html-calendar-to-ics/vendor/twig/twig/lib/Twig/Parser.php(192): Twig_TokenParser_Block->parse(Object(Twig_Token))
#9 /train/sites/www.gajetzki.com/html-calendar-to-ics/vendor/twig/twig/lib/Twig/Parser.php(100): Twig_Parser->subparse(NULL, false)
#10 /train/sites/www.gajetzki.com/html-calendar-to-ics/vendor/twig/twig/lib/Twig/Environment.php(486): Twig_Parser->parse(Object(Twig_TokenStream))
#11 /train/sites/www.gajetzki.com/html-calendar-to-ics/vendor/twig/twig/lib/Twig/Environment.php(536): Twig_Environment->parse(Object(Twig_TokenStream))
#12 /train/sites/www.gajetzki.com/html-calendar-to-ics/vendor/twig/twig/lib/Twig/Environment.php(330): Twig_Environment->compileSource('{% extends "bas...', 'index.html.twig')
#13 /train/sites/www.gajetzki.com/html-calendar-to-ics/vendor/slim/extras/Slim/Extras/Views/Twig.php(97): Twig_Environment->loadTemplate('index.html.twig')
#14 /train/sites/www.gajetzki.com/html-calendar-to-ics/vendor/slim/slim/Slim/View.php(195): Slim\Extras\Views\Twig->render('index.html.twig')
#15 /train/sites/www.gajetzki.com/html-calendar-to-ics/vendor/slim/slim/Slim/View.php(182): Slim\View->fetch('index.html.twig')
#16 /train/sites/www.gajetzki.com/html-calendar-to-ics/vendor/slim/slim/Slim/Slim.php(665): Slim\View->display('index.html.twig')
#17 /train/sites/www.gajetzki.com/html-calendar-to-ics/public/index.php(45): Slim\Slim->render('index.html.twig', Array)
#18 [internal function]: {closure}()
#19 /train/sites/www.gajetzki.com/html-calendar-to-ics/vendor/slim/slim/Slim/Router.php(200): call_user_func_array(Object(Closure), Array)
#20 /train/sites/www.gajetzki.com/html-calendar-to-ics/vendor/slim/slim/Slim/Slim.php(1218): Slim\Router->dispatch(Object(Slim\Route))
#21 /train/sites/www.gajetzki.com/html-calendar-to-ics/vendor/slim/slim/Slim/Middleware/Flash.php(86): Slim\Slim->call()
#22 /train/sites/www.gajetzki.com/html-calendar-to-ics/vendor/slim/slim/Slim/Middleware/MethodOverride.php(94): Slim\Middleware\Flash->call()
#23 /train/sites/www.gajetzki.com/html-calendar-to-ics/vendor/slim/slim/Slim/Middleware/PrettyExceptions.php(67): Slim\Middleware\MethodOverride->call()
#24 /train/sites/www.gajetzki.com/html-calendar-to-ics/vendor/slim/slim/Slim/Slim.php(1167): Slim\Middleware\PrettyExceptions->call()
#25 /train/sites/www.gajetzki.com/html-calendar-to-ics/public/index.php(60): Slim\Slim->run()
#26 {main}
ERROR - 2012-11-12T19:45:35-07:00 - exception 'Twig_Error_Syntax' with message 'Arguments must be separated by a comma. Unexpected token "punctuation" of value ":" ("punctuation" expected with value ",") in "index.html.twig" at line 13' in /train/sites/www.gajetzki.com/html-calendar-to-ics/vendor/twig/twig/lib/Twig/TokenStream.php:77
Stack trace:
#0 /train/sites/www.gajetzki.com/html-calendar-to-ics/vendor/twig/twig/lib/Twig/ExpressionParser.php(434): Twig_TokenStream->expect(9, ',', 'Arguments must ...')
#1 /train/sites/www.gajetzki.com/html-calendar-to-ics/vendor/twig/twig/lib/Twig/ExpressionParser.php(409): Twig_ExpressionParser->parseArguments()
#2 /train/sites/www.gajetzki.com/html-calendar-to-ics/vendor/twig/twig/lib/Twig/ExpressionParser.php(397): Twig_ExpressionParser->parseFilterExpressionRaw(Object(Twig_Node_Expression_GetAttr))
#3 /train/sites/www.gajetzki.com/html-calendar-to-ics/vendor/twig/twig/lib/Twig/ExpressionParser.php(276): Twig_ExpressionParser->parseFilterExpression(Object(Twig_Node_Expression_GetAttr))
#4 /train/sites/www.gajetzki.com/html-calendar-to-ics/vendor/twig/twig/lib/Twig/ExpressionParser.php(165): Twig_ExpressionParser->parsePostfixExpression(Object(Twig_Node_Expression_Name))
#5 /train/sites/www.gajetzki.com/html-calendar-to-ics/vendor/twig/twig/lib/Twig/ExpressionParser.php(85): Twig_ExpressionParser->parsePrimaryExpression()
#6 /train/sites/www.gajetzki.com/html-calendar-to-ics/vendor/twig/twig/lib/Twig/ExpressionParser.php(42): Twig_ExpressionParser->getPrimary()
#7 /train/sites/www.gajetzki.com/html-calendar-to-ics/vendor/twig/twig/lib/Twig/Parser.php(146): Twig_ExpressionParser->parseExpression()
#8 /train/sites/www.gajetzki.com/html-calendar-to-ics/vendor/twig/twig/lib/Twig/TokenParser/For.php(47): Twig_Parser->subparse(Array)
#9 /train/sites/www.gajetzki.com/html-calendar-to-ics/vendor/twig/twig/lib/Twig/Parser.php(192): Twig_TokenParser_For->parse(Object(Twig_Token))
#10 /train/sites/www.gajetzki.com/html-calendar-to-ics/vendor/twig/twig/lib/Twig/TokenParser/Block.php(47): Twig_Parser->subparse(Array, true)
#11 /train/sites/www.gajetzki.com/html-calendar-to-ics/vendor/twig/twig/lib/Twig/Parser.php(192): Twig_TokenParser_Block->parse(Object(Twig_Token))
#12 /train/sites/www.gajetzki.com/html-calendar-to-ics/vendor/twig/twig/lib/Twig/Parser.php(100): Twig_Parser->subparse(NULL, false)
#13 /train/sites/www.gajetzki.com/html-calendar-to-ics/vendor/twig/twig/lib/Twig/Environment.php(486): Twig_Parser->parse(Object(Twig_TokenStream))
#14 /train/sites/www.gajetzki.com/html-calendar-to-ics/vendor/twig/twig/lib/Twig/Environment.php(536): Twig_Environment->parse(Object(Twig_TokenStream))
#15 /train/sites/www.gajetzki.com/html-calendar-to-ics/vendor/twig/twig/lib/Twig/Environment.php(330): Twig_Environment->compileSource('{% extends "bas...', 'index.html.twig')
#16 /train/sites/www.gajetzki.com/html-calendar-to-ics/vendor/slim/extras/Slim/Extras/Views/Twig.php(97): Twig_Environment->loadTemplate('index.html.twig')
#17 /train/sites/www.gajetzki.com/html-calendar-to-ics/vendor/slim/slim/Slim/View.php(195): Slim\Extras\Views\Twig->render('index.html.twig')
#18 /train/sites/www.gajetzki.com/html-calendar-to-ics/vendor/slim/slim/Slim/View.php(182): Slim\View->fetch('index.html.twig')
#19 /train/sites/www.gajetzki.com/html-calendar-to-ics/vendor/slim/slim/Slim/Slim.php(665): Slim\View->display('index.html.twig')
#20 /train/sites/www.gajetzki.com/html-calendar-to-ics/public/index.php(45): Slim\Slim->render('index.html.twig', Array)
#21 [internal function]: {closure}()
#22 /train/sites/www.gajetzki.com/html-calendar-to-ics/vendor/slim/slim/Slim/Router.php(200): call_user_func_array(Object(Closure), Array)
#23 /train/sites/www.gajetzki.com/html-calendar-to-ics/vendor/slim/slim/Slim/Slim.php(1218): Slim\Router->dispatch(Object(Slim\Route))
#24 /train/sites/www.gajetzki.com/html-calendar-to-ics/vendor/slim/slim/Slim/Middleware/Flash.php(86): Slim\Slim->call()
#25 /train/sites/www.gajetzki.com/html-calendar-to-ics/vendor/slim/slim/Slim/Middleware/MethodOverride.php(94): Slim\Middleware\Flash->call()
#26 /train/sites/www.gajetzki.com/html-calendar-to-ics/vendor/slim/slim/Slim/Middleware/PrettyExceptions.php(67): Slim\Middleware\MethodOverride->call()
#27 /train/sites/www.gajetzki.com/html-calendar-to-ics/vendor/slim/slim/Slim/Slim.php(1167): Slim\Middleware\PrettyExceptions->call()
#28 /train/sites/www.gajetzki.com/html-calendar-to-ics/public/index.php(60): Slim\Slim->run()
#29 {main}
ERROR - 2012-11-12T19:45:54-07:00 - exception 'Twig_Error_Syntax' with message 'Unclosed "{" in "index.html.twig" at line 13' in /train/sites/www.gajetzki.com/html-calendar-to-ics/vendor/twig/twig/lib/Twig/Lexer.php:265
Stack trace:
#0 /train/sites/www.gajetzki.com/html-calendar-to-ics/vendor/twig/twig/lib/Twig/Lexer.php(217): Twig_Lexer->lexExpression()
#1 /train/sites/www.gajetzki.com/html-calendar-to-ics/vendor/twig/twig/lib/Twig/Lexer.php(118): Twig_Lexer->lexVar()
#2 /train/sites/www.gajetzki.com/html-calendar-to-ics/vendor/twig/twig/lib/Twig/Environment.php(450): Twig_Lexer->tokenize('{% extends "bas...', 'index.html.twig')
#3 /train/sites/www.gajetzki.com/html-calendar-to-ics/vendor/twig/twig/lib/Twig/Environment.php(536): Twig_Environment->tokenize('{% extends "bas...', 'index.html.twig')
#4 /train/sites/www.gajetzki.com/html-calendar-to-ics/vendor/twig/twig/lib/Twig/Environment.php(330): Twig_Environment->compileSource('{% extends "bas...', 'index.html.twig')
#5 /train/sites/www.gajetzki.com/html-calendar-to-ics/vendor/slim/extras/Slim/Extras/Views/Twig.php(97): Twig_Environment->loadTemplate('index.html.twig')
#6 /train/sites/www.gajetzki.com/html-calendar-to-ics/vendor/slim/slim/Slim/View.php(195): Slim\Extras\Views\Twig->render('index.html.twig')
#7 /train/sites/www.gajetzki.com/html-calendar-to-ics/vendor/slim/slim/Slim/View.php(182): Slim\View->fetch('index.html.twig')
#8 /train/sites/www.gajetzki.com/html-calendar-to-ics/vendor/slim/slim/Slim/Slim.php(665): Slim\View->display('index.html.twig')
#9 /train/sites/www.gajetzki.com/html-calendar-to-ics/public/index.php(45): Slim\Slim->render('index.html.twig', Array)
#10 [internal function]: {closure}()
#11 /train/sites/www.gajetzki.com/html-calendar-to-ics/vendor/slim/slim/Slim/Router.php(200): call_user_func_array(Object(Closure), Array)
#12 /train/sites/www.gajetzki.com/html-calendar-to-ics/vendor/slim/slim/Slim/Slim.php(1218): Slim\Router->dispatch(Object(Slim\Route))
#13 /train/sites/www.gajetzki.com/html-calendar-to-ics/vendor/slim/slim/Slim/Middleware/Flash.php(86): Slim\Slim->call()
#14 /train/sites/www.gajetzki.com/html-calendar-to-ics/vendor/slim/slim/Slim/Middleware/MethodOverride.php(94): Slim\Middleware\Flash->call()
#15 /train/sites/www.gajetzki.com/html-calendar-to-ics/vendor/slim/slim/Slim/Middleware/PrettyExceptions.php(67): Slim\Middleware\MethodOverride->call()
#16 /train/sites/www.gajetzki.com/html-calendar-to-ics/vendor/slim/slim/Slim/Slim.php(1167): Slim\Middleware\PrettyExceptions->call()
#17 /train/sites/www.gajetzki.com/html-calendar-to-ics/public/index.php(60): Slim\Slim->run()
#18 {main}
ERROR - 2012-11-12T19:45:59-07:00 - exception 'Twig_Error_Syntax' with message 'Unexpected token "punctuation" of value "}" in "index.html.twig" at line 13' in /train/sites/www.gajetzki.com/html-calendar-to-ics/vendor/twig/twig/lib/Twig/ExpressionParser.php:161
Stack trace:
#0 /train/sites/www.gajetzki.com/html-calendar-to-ics/vendor/twig/twig/lib/Twig/ExpressionParser.php(85): Twig_ExpressionParser->parsePrimaryExpression()
#1 /train/sites/www.gajetzki.com/html-calendar-to-ics/vendor/twig/twig/lib/Twig/ExpressionParser.php(42): Twig_ExpressionParser->getPrimary()
#2 /train/sites/www.gajetzki.com/html-calendar-to-ics/vendor/twig/twig/lib/Twig/ExpressionParser.php(259): Twig_ExpressionParser->parseExpression()
#3 /train/sites/www.gajetzki.com/html-calendar-to-ics/vendor/twig/twig/lib/Twig/ExpressionParser.php(159): Twig_ExpressionParser->parseHashExpression()
#4 /train/sites/www.gajetzki.com/html-calendar-to-ics/vendor/twig/twig/lib/Twig/ExpressionParser.php(85): Twig_ExpressionParser->parsePrimaryExpression()
#5 /train/sites/www.gajetzki.com/html-calendar-to-ics/vendor/twig/twig/lib/Twig/ExpressionParser.php(42): Twig_ExpressionParser->getPrimary()
#6 /train/sites/www.gajetzki.com/html-calendar-to-ics/vendor/twig/twig/lib/Twig/ExpressionParser.php(436): Twig_ExpressionParser->parseExpression()
#7 /train/sites/www.gajetzki.com/html-calendar-to-ics/vendor/twig/twig/lib/Twig/ExpressionParser.php(409): Twig_ExpressionParser->parseArguments()
#8 /train/sites/www.gajetzki.com/html-calendar-to-ics/vendor/twig/twig/lib/Twig/ExpressionParser.php(397): Twig_ExpressionParser->parseFilterExpressionRaw(Object(Twig_Node_Expression_GetAttr))
#9 /train/sites/www.gajetzki.com/html-calendar-to-ics/vendor/twig/twig/lib/Twig/ExpressionParser.php(276): Twig_ExpressionParser->parseFilterExpression(Object(Twig_Node_Expression_GetAttr))
#10 /train/sites/www.gajetzki.com/html-calendar-to-ics/vendor/twig/twig/lib/Twig/ExpressionParser.php(165): Twig_ExpressionParser->parsePostfixExpression(Object(Twig_Node_Expression_Name))
#11 /train/sites/www.gajetzki.com/html-calendar-to-ics/vendor/twig/twig/lib/Twig/ExpressionParser.php(85): Twig_ExpressionParser->parsePrimaryExpression()
#12 /train/sites/www.gajetzki.com/html-calendar-to-ics/vendor/twig/twig/lib/Twig/ExpressionParser.php(42): Twig_ExpressionParser->getPrimary()
#13 /train/sites/www.gajetzki.com/html-calendar-to-ics/vendor/twig/twig/lib/Twig/Parser.php(146): Twig_ExpressionParser->parseExpression()
#14 /train/sites/www.gajetzki.com/html-calendar-to-ics/vendor/twig/twig/lib/Twig/TokenParser/For.php(47): Twig_Parser->subparse(Array)
#15 /train/sites/www.gajetzki.com/html-calendar-to-ics/vendor/twig/twig/lib/Twig/Parser.php(192): Twig_TokenParser_For->parse(Object(Twig_Token))
#16 /train/sites/www.gajetzki.com/html-calendar-to-ics/vendor/twig/twig/lib/Twig/TokenParser/Block.php(47): Twig_Parser->subparse(Array, true)
#17 /train/sites/www.gajetzki.com/html-calendar-to-ics/vendor/twig/twig/lib/Twig/Parser.php(192): Twig_TokenParser_Block->parse(Object(Twig_Token))
#18 /train/sites/www.gajetzki.com/html-calendar-to-ics/vendor/twig/twig/lib/Twig/Parser.php(100): Twig_Parser->subparse(NULL, false)
#19 /train/sites/www.gajetzki.com/html-calendar-to-ics/vendor/twig/twig/lib/Twig/Environment.php(486): Twig_Parser->parse(Object(Twig_TokenStream))
#20 /train/sites/www.gajetzki.com/html-calendar-to-ics/vendor/twig/twig/lib/Twig/Environment.php(536): Twig_Environment->parse(Object(Twig_TokenStream))
#21 /train/sites/www.gajetzki.com/html-calendar-to-ics/vendor/twig/twig/lib/Twig/Environment.php(330): Twig_Environment->compileSource('{% extends "bas...', 'index.html.twig')
#22 /train/sites/www.gajetzki.com/html-calendar-to-ics/vendor/slim/extras/Slim/Extras/Views/Twig.php(97): Twig_Environment->loadTemplate('index.html.twig')
#23 /train/sites/www.gajetzki.com/html-calendar-to-ics/vendor/slim/slim/Slim/View.php(195): Slim\Extras\Views\Twig->render('index.html.twig')
#24 /train/sites/www.gajetzki.com/html-calendar-to-ics/vendor/slim/slim/Slim/View.php(182): Slim\View->fetch('index.html.twig')
#25 /train/sites/www.gajetzki.com/html-calendar-to-ics/vendor/slim/slim/Slim/Slim.php(665): Slim\View->display('index.html.twig')
#26 /train/sites/www.gajetzki.com/html-calendar-to-ics/public/index.php(45): Slim\Slim->render('index.html.twig', Array)
#27 [internal function]: {closure}()
#28 /train/sites/www.gajetzki.com/html-calendar-to-ics/vendor/slim/slim/Slim/Router.php(200): call_user_func_array(Object(Closure), Array)
#29 /train/sites/www.gajetzki.com/html-calendar-to-ics/vendor/slim/slim/Slim/Slim.php(1218): Slim\Router->dispatch(Object(Slim\Route))
#30 /train/sites/www.gajetzki.com/html-calendar-to-ics/vendor/slim/slim/Slim/Middleware/Flash.php(86): Slim\Slim->call()
#31 /train/sites/www.gajetzki.com/html-calendar-to-ics/vendor/slim/slim/Slim/Middleware/MethodOverride.php(94): Slim\Middleware\Flash->call()
#32 /train/sites/www.gajetzki.com/html-calendar-to-ics/vendor/slim/slim/Slim/Middleware/PrettyExceptions.php(67): Slim\Middleware\MethodOverride->call()
#33 /train/sites/www.gajetzki.com/html-calendar-to-ics/vendor/slim/slim/Slim/Slim.php(1167): Slim\Middleware\PrettyExceptions->call()
#34 /train/sites/www.gajetzki.com/html-calendar-to-ics/public/index.php(60): Slim\Slim->run()
#35 {main}
ERROR - 2012-11-12T19:47:53-07:00 - exception 'Twig_Error_Syntax' with message 'Unexpected token "punctuation" of value "." in "index.html.twig" at line 13' in /train/sites/www.gajetzki.com/html-calendar-to-ics/vendor/twig/twig/lib/Twig/ExpressionParser.php:161
Stack trace:
#0 /train/sites/www.gajetzki.com/html-calendar-to-ics/vendor/twig/twig/lib/Twig/ExpressionParser.php(85): Twig_ExpressionParser->parsePrimaryExpression()
#1 /train/sites/www.gajetzki.com/html-calendar-to-ics/vendor/twig/twig/lib/Twig/ExpressionParser.php(42): Twig_ExpressionParser->getPrimary()
#2 /train/sites/www.gajetzki.com/html-calendar-to-ics/vendor/twig/twig/lib/Twig/ExpressionParser.php(79): Twig_ExpressionParser->parseExpression()
#3 /train/sites/www.gajetzki.com/html-calendar-to-ics/vendor/twig/twig/lib/Twig/ExpressionParser.php(42): Twig_ExpressionParser->getPrimary()
#4 /train/sites/www.gajetzki.com/html-calendar-to-ics/vendor/twig/twig/lib/Twig/ExpressionParser.php(436): Twig_ExpressionParser->parseExpression()
#5 /train/sites/www.gajetzki.com/html-calendar-to-ics/vendor/twig/twig/lib/Twig/ExpressionParser.php(409): Twig_ExpressionParser->parseArguments()
#6 /train/sites/www.gajetzki.com/html-calendar-to-ics/vendor/twig/twig/lib/Twig/ExpressionParser.php(397): Twig_ExpressionParser->parseFilterExpressionRaw(Object(Twig_Node_Expression_GetAttr))
#7 /train/sites/www.gajetzki.com/html-calendar-to-ics/vendor/twig/twig/lib/Twig/ExpressionParser.php(276): Twig_ExpressionParser->parseFilterExpression(Object(Twig_Node_Expression_GetAttr))
#8 /train/sites/www.gajetzki.com/html-calendar-to-ics/vendor/twig/twig/lib/Twig/ExpressionParser.php(165): Twig_ExpressionParser->parsePostfixExpression(Object(Twig_Node_Expression_Name))
#9 /train/sites/www.gajetzki.com/html-calendar-to-ics/vendor/twig/twig/lib/Twig/ExpressionParser.php(85): Twig_ExpressionParser->parsePrimaryExpression()
#10 /train/sites/www.gajetzki.com/html-calendar-to-ics/vendor/twig/twig/lib/Twig/ExpressionParser.php(42): Twig_ExpressionParser->getPrimary()
#11 /train/sites/www.gajetzki.com/html-calendar-to-ics/vendor/twig/twig/lib/Twig/Parser.php(146): Twig_ExpressionParser->parseExpression()
#12 /train/sites/www.gajetzki.com/html-calendar-to-ics/vendor/twig/twig/lib/Twig/TokenParser/For.php(47): Twig_Parser->subparse(Array)
#13 /train/sites/www.gajetzki.com/html-calendar-to-ics/vendor/twig/twig/lib/Twig/Parser.php(192): Twig_TokenParser_For->parse(Object(Twig_Token))
#14 /train/sites/www.gajetzki.com/html-calendar-to-ics/vendor/twig/twig/lib/Twig/TokenParser/Block.php(47): Twig_Parser->subparse(Array, true)
#15 /train/sites/www.gajetzki.com/html-calendar-to-ics/vendor/twig/twig/lib/Twig/Parser.php(192): Twig_TokenParser_Block->parse(Object(Twig_Token))
#16 /train/sites/www.gajetzki.com/html-calendar-to-ics/vendor/twig/twig/lib/Twig/Parser.php(100): Twig_Parser->subparse(NULL, false)
#17 /train/sites/www.gajetzki.com/html-calendar-to-ics/vendor/twig/twig/lib/Twig/Environment.php(486): Twig_Parser->parse(Object(Twig_TokenStream))
#18 /train/sites/www.gajetzki.com/html-calendar-to-ics/vendor/twig/twig/lib/Twig/Environment.php(536): Twig_Environment->parse(Object(Twig_TokenStream))
#19 /train/sites/www.gajetzki.com/html-calendar-to-ics/vendor/twig/twig/lib/Twig/Environment.php(330): Twig_Environment->compileSource('{% extends "bas...', 'index.html.twig')
#20 /train/sites/www.gajetzki.com/html-calendar-to-ics/vendor/slim/extras/Slim/Extras/Views/Twig.php(97): Twig_Environment->loadTemplate('index.html.twig')
#21 /train/sites/www.gajetzki.com/html-calendar-to-ics/vendor/slim/slim/Slim/View.php(195): Slim\Extras\Views\Twig->render('index.html.twig')
#22 /train/sites/www.gajetzki.com/html-calendar-to-ics/vendor/slim/slim/Slim/View.php(182): Slim\View->fetch('index.html.twig')
#23 /train/sites/www.gajetzki.com/html-calendar-to-ics/vendor/slim/slim/Slim/Slim.php(665): Slim\View->display('index.html.twig')
#24 /train/sites/www.gajetzki.com/html-calendar-to-ics/public/index.php(45): Slim\Slim->render('index.html.twig', Array)
#25 [internal function]: {closure}()
#26 /train/sites/www.gajetzki.com/html-calendar-to-ics/vendor/slim/slim/Slim/Router.php(200): call_user_func_array(Object(Closure), Array)
#27 /train/sites/www.gajetzki.com/html-calendar-to-ics/vendor/slim/slim/Slim/Slim.php(1218): Slim\Router->dispatch(Object(Slim\Route))
#28 /train/sites/www.gajetzki.com/html-calendar-to-ics/vendor/slim/slim/Slim/Middleware/Flash.php(86): Slim\Slim->call()
#29 /train/sites/www.gajetzki.com/html-calendar-to-ics/vendor/slim/slim/Slim/Middleware/MethodOverride.php(94): Slim\Middleware\Flash->call()
#30 /train/sites/www.gajetzki.com/html-calendar-to-ics/vendor/slim/slim/Slim/Middleware/PrettyExceptions.php(67): Slim\Middleware\MethodOverride->call()
#31 /train/sites/www.gajetzki.com/html-calendar-to-ics/vendor/slim/slim/Slim/Slim.php(1167): Slim\Middleware\PrettyExceptions->call()
#32 /train/sites/www.gajetzki.com/html-calendar-to-ics/public/index.php(60): Slim\Slim->run()
#33 {main}
ERROR - 2012-11-12T19:48:07-07:00 - exception 'Twig_Error_Syntax' with message 'Arguments must be separated by a comma. Unexpected token "punctuation" of value ":" ("punctuation" expected with value ",") in "index.html.twig" at line 13' in /train/sites/www.gajetzki.com/html-calendar-to-ics/vendor/twig/twig/lib/Twig/TokenStream.php:77
Stack trace:
#0 /train/sites/www.gajetzki.com/html-calendar-to-ics/vendor/twig/twig/lib/Twig/ExpressionParser.php(434): Twig_TokenStream->expect(9, ',', 'Arguments must ...')
#1 /train/sites/www.gajetzki.com/html-calendar-to-ics/vendor/twig/twig/lib/Twig/ExpressionParser.php(409): Twig_ExpressionParser->parseArguments()
#2 /train/sites/www.gajetzki.com/html-calendar-to-ics/vendor/twig/twig/lib/Twig/ExpressionParser.php(397): Twig_ExpressionParser->parseFilterExpressionRaw(Object(Twig_Node_Expression_GetAttr))
#3 /train/sites/www.gajetzki.com/html-calendar-to-ics/vendor/twig/twig/lib/Twig/ExpressionParser.php(276): Twig_ExpressionParser->parseFilterExpression(Object(Twig_Node_Expression_GetAttr))
#4 /train/sites/www.gajetzki.com/html-calendar-to-ics/vendor/twig/twig/lib/Twig/ExpressionParser.php(165): Twig_ExpressionParser->parsePostfixExpression(Object(Twig_Node_Expression_Name))
#5 /train/sites/www.gajetzki.com/html-calendar-to-ics/vendor/twig/twig/lib/Twig/ExpressionParser.php(85): Twig_ExpressionParser->parsePrimaryExpression()
#6 /train/sites/www.gajetzki.com/html-calendar-to-ics/vendor/twig/twig/lib/Twig/ExpressionParser.php(42): Twig_ExpressionParser->getPrimary()
#7 /train/sites/www.gajetzki.com/html-calendar-to-ics/vendor/twig/twig/lib/Twig/Parser.php(146): Twig_ExpressionParser->parseExpression()
#8 /train/sites/www.gajetzki.com/html-calendar-to-ics/vendor/twig/twig/lib/Twig/TokenParser/For.php(47): Twig_Parser->subparse(Array)
#9 /train/sites/www.gajetzki.com/html-calendar-to-ics/vendor/twig/twig/lib/Twig/Parser.php(192): Twig_TokenParser_For->parse(Object(Twig_Token))
#10 /train/sites/www.gajetzki.com/html-calendar-to-ics/vendor/twig/twig/lib/Twig/TokenParser/Block.php(47): Twig_Parser->subparse(Array, true)
#11 /train/sites/www.gajetzki.com/html-calendar-to-ics/vendor/twig/twig/lib/Twig/Parser.php(192): Twig_TokenParser_Block->parse(Object(Twig_Token))
#12 /train/sites/www.gajetzki.com/html-calendar-to-ics/vendor/twig/twig/lib/Twig/Parser.php(100): Twig_Parser->subparse(NULL, false)
#13 /train/sites/www.gajetzki.com/html-calendar-to-ics/vendor/twig/twig/lib/Twig/Environment.php(486): Twig_Parser->parse(Object(Twig_TokenStream))
#14 /train/sites/www.gajetzki.com/html-calendar-to-ics/vendor/twig/twig/lib/Twig/Environment.php(536): Twig_Environment->parse(Object(Twig_TokenStream))
#15 /train/sites/www.gajetzki.com/html-calendar-to-ics/vendor/twig/twig/lib/Twig/Environment.php(330): Twig_Environment->compileSource('{% extends "bas...', 'index.html.twig')
#16 /train/sites/www.gajetzki.com/html-calendar-to-ics/vendor/slim/extras/Slim/Extras/Views/Twig.php(97): Twig_Environment->loadTemplate('index.html.twig')
#17 /train/sites/www.gajetzki.com/html-calendar-to-ics/vendor/slim/slim/Slim/View.php(195): Slim\Extras\Views\Twig->render('index.html.twig')
#18 /train/sites/www.gajetzki.com/html-calendar-to-ics/vendor/slim/slim/Slim/View.php(182): Slim\View->fetch('index.html.twig')
#19 /train/sites/www.gajetzki.com/html-calendar-to-ics/vendor/slim/slim/Slim/Slim.php(665): Slim\View->display('index.html.twig')
#20 /train/sites/www.gajetzki.com/html-calendar-to-ics/public/index.php(45): Slim\Slim->render('index.html.twig', Array)
#21 [internal function]: {closure}()
#22 /train/sites/www.gajetzki.com/html-calendar-to-ics/vendor/slim/slim/Slim/Router.php(200): call_user_func_array(Object(Closure), Array)
#23 /train/sites/www.gajetzki.com/html-calendar-to-ics/vendor/slim/slim/Slim/Slim.php(1218): Slim\Router->dispatch(Object(Slim\Route))
#24 /train/sites/www.gajetzki.com/html-calendar-to-ics/vendor/slim/slim/Slim/Middleware/Flash.php(86): Slim\Slim->call()
#25 /train/sites/www.gajetzki.com/html-calendar-to-ics/vendor/slim/slim/Slim/Middleware/MethodOverride.php(94): Slim\Middleware\Flash->call()
#26 /train/sites/www.gajetzki.com/html-calendar-to-ics/vendor/slim/slim/Slim/Middleware/PrettyExceptions.php(67): Slim\Middleware\MethodOverride->call()
#27 /train/sites/www.gajetzki.com/html-calendar-to-ics/vendor/slim/slim/Slim/Slim.php(1167): Slim\Middleware\PrettyExceptions->call()
#28 /train/sites/www.gajetzki.com/html-calendar-to-ics/public/index.php(60): Slim\Slim->run()
#29 {main}
ERROR - 2012-11-12T19:48:16-07:00 - exception 'Twig_Error_Syntax' with message 'Unclosed "(" in "index.html.twig" at line 13' in /train/sites/www.gajetzki.com/html-calendar-to-ics/vendor/twig/twig/lib/Twig/Lexer.php:265
Stack trace:
#0 /train/sites/www.gajetzki.com/html-calendar-to-ics/vendor/twig/twig/lib/Twig/Lexer.php(217): Twig_Lexer->lexExpression()
#1 /train/sites/www.gajetzki.com/html-calendar-to-ics/vendor/twig/twig/lib/Twig/Lexer.php(118): Twig_Lexer->lexVar()
#2 /train/sites/www.gajetzki.com/html-calendar-to-ics/vendor/twig/twig/lib/Twig/Environment.php(450): Twig_Lexer->tokenize('{% extends "bas...', 'index.html.twig')
#3 /train/sites/www.gajetzki.com/html-calendar-to-ics/vendor/twig/twig/lib/Twig/Environment.php(536): Twig_Environment->tokenize('{% extends "bas...', 'index.html.twig')
#4 /train/sites/www.gajetzki.com/html-calendar-to-ics/vendor/twig/twig/lib/Twig/Environment.php(330): Twig_Environment->compileSource('{% extends "bas...', 'index.html.twig')
#5 /train/sites/www.gajetzki.com/html-calendar-to-ics/vendor/slim/extras/Slim/Extras/Views/Twig.php(97): Twig_Environment->loadTemplate('index.html.twig')
#6 /train/sites/www.gajetzki.com/html-calendar-to-ics/vendor/slim/slim/Slim/View.php(195): Slim\Extras\Views\Twig->render('index.html.twig')
#7 /train/sites/www.gajetzki.com/html-calendar-to-ics/vendor/slim/slim/Slim/View.php(182): Slim\View->fetch('index.html.twig')
#8 /train/sites/www.gajetzki.com/html-calendar-to-ics/vendor/slim/slim/Slim/Slim.php(665): Slim\View->display('index.html.twig')
#9 /train/sites/www.gajetzki.com/html-calendar-to-ics/public/index.php(45): Slim\Slim->render('index.html.twig', Array)
#10 [internal function]: {closure}()
#11 /train/sites/www.gajetzki.com/html-calendar-to-ics/vendor/slim/slim/Slim/Router.php(200): call_user_func_array(Object(Closure), Array)
#12 /train/sites/www.gajetzki.com/html-calendar-to-ics/vendor/slim/slim/Slim/Slim.php(1218): Slim\Router->dispatch(Object(Slim\Route))
#13 /train/sites/www.gajetzki.com/html-calendar-to-ics/vendor/slim/slim/Slim/Middleware/Flash.php(86): Slim\Slim->call()
#14 /train/sites/www.gajetzki.com/html-calendar-to-ics/vendor/slim/slim/Slim/Middleware/MethodOverride.php(94): Slim\Middleware\Flash->call()
#15 /train/sites/www.gajetzki.com/html-calendar-to-ics/vendor/slim/slim/Slim/Middleware/PrettyExceptions.php(67): Slim\Middleware\MethodOverride->call()
#16 /train/sites/www.gajetzki.com/html-calendar-to-ics/vendor/slim/slim/Slim/Slim.php(1167): Slim\Middleware\PrettyExceptions->call()
#17 /train/sites/www.gajetzki.com/html-calendar-to-ics/public/index.php(60): Slim\Slim->run()
#18 {main}
ERROR - 2012-11-12T19:48:30-07:00 - exception 'Twig_Error_Syntax' with message 'Arguments must be separated by a comma. Unexpected token "punctuation" of value ":" ("punctuation" expected with value ",") in "index.html.twig" at line 13' in /train/sites/www.gajetzki.com/html-calendar-to-ics/vendor/twig/twig/lib/Twig/TokenStream.php:77
Stack trace:
#0 /train/sites/www.gajetzki.com/html-calendar-to-ics/vendor/twig/twig/lib/Twig/ExpressionParser.php(434): Twig_TokenStream->expect(9, ',', 'Arguments must ...')
#1 /train/sites/www.gajetzki.com/html-calendar-to-ics/vendor/twig/twig/lib/Twig/ExpressionParser.php(409): Twig_ExpressionParser->parseArguments()
#2 /train/sites/www.gajetzki.com/html-calendar-to-ics/vendor/twig/twig/lib/Twig/ExpressionParser.php(397): Twig_ExpressionParser->parseFilterExpressionRaw(Object(Twig_Node_Expression_GetAttr))
#3 /train/sites/www.gajetzki.com/html-calendar-to-ics/vendor/twig/twig/lib/Twig/ExpressionParser.php(276): Twig_ExpressionParser->parseFilterExpression(Object(Twig_Node_Expression_GetAttr))
#4 /train/sites/www.gajetzki.com/html-calendar-to-ics/vendor/twig/twig/lib/Twig/ExpressionParser.php(165): Twig_ExpressionParser->parsePostfixExpression(Object(Twig_Node_Expression_Name))
#5 /train/sites/www.gajetzki.com/html-calendar-to-ics/vendor/twig/twig/lib/Twig/ExpressionParser.php(85): Twig_ExpressionParser->parsePrimaryExpression()
#6 /train/sites/www.gajetzki.com/html-calendar-to-ics/vendor/twig/twig/lib/Twig/ExpressionParser.php(42): Twig_ExpressionParser->getPrimary()
#7 /train/sites/www.gajetzki.com/html-calendar-to-ics/vendor/twig/twig/lib/Twig/Parser.php(146): Twig_ExpressionParser->parseExpression()
#8 /train/sites/www.gajetzki.com/html-calendar-to-ics/vendor/twig/twig/lib/Twig/TokenParser/For.php(47): Twig_Parser->subparse(Array)
#9 /train/sites/www.gajetzki.com/html-calendar-to-ics/vendor/twig/twig/lib/Twig/Parser.php(192): Twig_TokenParser_For->parse(Object(Twig_Token))
#10 /train/sites/www.gajetzki.com/html-calendar-to-ics/vendor/twig/twig/lib/Twig/TokenParser/Block.php(47): Twig_Parser->subparse(Array, true)
#11 /train/sites/www.gajetzki.com/html-calendar-to-ics/vendor/twig/twig/lib/Twig/Parser.php(192): Twig_TokenParser_Block->parse(Object(Twig_Token))
#12 /train/sites/www.gajetzki.com/html-calendar-to-ics/vendor/twig/twig/lib/Twig/Parser.php(100): Twig_Parser->subparse(NULL, false)
#13 /train/sites/www.gajetzki.com/html-calendar-to-ics/vendor/twig/twig/lib/Twig/Environment.php(486): Twig_Parser->parse(Object(Twig_TokenStream))
#14 /train/sites/www.gajetzki.com/html-calendar-to-ics/vendor/twig/twig/lib/Twig/Environment.php(536): Twig_Environment->parse(Object(Twig_TokenStream))
#15 /train/sites/www.gajetzki.com/html-calendar-to-ics/vendor/twig/twig/lib/Twig/Environment.php(330): Twig_Environment->compileSource('{% extends "bas...', 'index.html.twig')
#16 /train/sites/www.gajetzki.com/html-calendar-to-ics/vendor/slim/extras/Slim/Extras/Views/Twig.php(97): Twig_Environment->loadTemplate('index.html.twig')
#17 /train/sites/www.gajetzki.com/html-calendar-to-ics/vendor/slim/slim/Slim/View.php(195): Slim\Extras\Views\Twig->render('index.html.twig')
#18 /train/sites/www.gajetzki.com/html-calendar-to-ics/vendor/slim/slim/Slim/View.php(182): Slim\View->fetch('index.html.twig')
#19 /train/sites/www.gajetzki.com/html-calendar-to-ics/vendor/slim/slim/Slim/Slim.php(665): Slim\View->display('index.html.twig')
#20 /train/sites/www.gajetzki.com/html-calendar-to-ics/public/index.php(45): Slim\Slim->render('index.html.twig', Array)
#21 [internal function]: {closure}()
#22 /train/sites/www.gajetzki.com/html-calendar-to-ics/vendor/slim/slim/Slim/Router.php(200): call_user_func_array(Object(Closure), Array)
#23 /train/sites/www.gajetzki.com/html-calendar-to-ics/vendor/slim/slim/Slim/Slim.php(1218): Slim\Router->dispatch(Object(Slim\Route))
#24 /train/sites/www.gajetzki.com/html-calendar-to-ics/vendor/slim/slim/Slim/Middleware/Flash.php(86): Slim\Slim->call()
#25 /train/sites/www.gajetzki.com/html-calendar-to-ics/vendor/slim/slim/Slim/Middleware/MethodOverride.php(94): Slim\Middleware\Flash->call()
#26 /train/sites/www.gajetzki.com/html-calendar-to-ics/vendor/slim/slim/Slim/Middleware/PrettyExceptions.php(67): Slim\Middleware\MethodOverride->call()
#27 /train/sites/www.gajetzki.com/html-calendar-to-ics/vendor/slim/slim/Slim/Slim.php(1167): Slim\Middleware\PrettyExceptions->call()
#28 /train/sites/www.gajetzki.com/html-calendar-to-ics/public/index.php(60): Slim\Slim->run()
#29 {main}
ERROR - 2012-11-12T19:55:50-07:00 - exception 'ErrorException' with message 'Undefined variable: slug' in /train/sites/www.gajetzki.com/html-calendar-to-ics/public/index.php:50
Stack trace:
#0 /train/sites/www.gajetzki.com/html-calendar-to-ics/public/index.php(50): Slim\Slim::handleErrors(8, 'Undefined varia...', '/train/sites/ww...', 50, Array)
#1 [internal function]: {closure}('world-health-ed...')
#2 /train/sites/www.gajetzki.com/html-calendar-to-ics/vendor/slim/slim/Slim/Router.php(200): call_user_func_array(Object(Closure), Array)
#3 /train/sites/www.gajetzki.com/html-calendar-to-ics/vendor/slim/slim/Slim/Slim.php(1218): Slim\Router->dispatch(Object(Slim\Route))
#4 /train/sites/www.gajetzki.com/html-calendar-to-ics/vendor/slim/slim/Slim/Middleware/Flash.php(86): Slim\Slim->call()
#5 /train/sites/www.gajetzki.com/html-calendar-to-ics/vendor/slim/slim/Slim/Middleware/MethodOverride.php(94): Slim\Middleware\Flash->call()
#6 /train/sites/www.gajetzki.com/html-calendar-to-ics/vendor/slim/slim/Slim/Middleware/PrettyExceptions.php(67): Slim\Middleware\MethodOverride->call()
#7 /train/sites/www.gajetzki.com/html-calendar-to-ics/vendor/slim/slim/Slim/Slim.php(1167): Slim\Middleware\PrettyExceptions->call()
#8 /train/sites/www.gajetzki.com/html-calendar-to-ics/public/index.php(56): Slim\Slim->run()
#9 {main}
ERROR - 2012-11-12T20:07:28-07:00 - exception 'InvalidArgumentException' with message '"'../config/calendarsworld-health-edgemont.ini'" is not a valid file' in /train/sites/www.gajetzki.com/html-calendar-to-ics/vendor/Jam/Config/src/Jam/Config/Ini.php:28
Stack trace:
#0 /train/sites/www.gajetzki.com/html-calendar-to-ics/public/index.php(49): Jam\Config\Ini->__construct('../config/calen...')
#1 [internal function]: {closure}('world-health-ed...')
#2 /train/sites/www.gajetzki.com/html-calendar-to-ics/vendor/slim/slim/Slim/Router.php(200): call_user_func_array(Object(Closure), Array)
#3 /train/sites/www.gajetzki.com/html-calendar-to-ics/vendor/slim/slim/Slim/Slim.php(1218): Slim\Router->dispatch(Object(Slim\Route))
#4 /train/sites/www.gajetzki.com/html-calendar-to-ics/vendor/slim/slim/Slim/Middleware/Flash.php(86): Slim\Slim->call()
#5 /train/sites/www.gajetzki.com/html-calendar-to-ics/vendor/slim/slim/Slim/Middleware/MethodOverride.php(94): Slim\Middleware\Flash->call()
#6 /train/sites/www.gajetzki.com/html-calendar-to-ics/vendor/slim/slim/Slim/Middleware/PrettyExceptions.php(67): Slim\Middleware\MethodOverride->call()
#7 /train/sites/www.gajetzki.com/html-calendar-to-ics/vendor/slim/slim/Slim/Slim.php(1167): Slim\Middleware\PrettyExceptions->call()
#8 /train/sites/www.gajetzki.com/html-calendar-to-ics/public/index.php(68): Slim\Slim->run()
#9 {main}
ERROR - 2012-11-12T20:07:37-07:00 - exception 'InvalidArgumentException' with message 'Namespace can not be null' in /train/sites/www.gajetzki.com/html-calendar-to-ics/vendor/Jam/Config/src/Jam/Config/Ini.php:33
Stack trace:
#0 /train/sites/www.gajetzki.com/html-calendar-to-ics/public/index.php(49): Jam\Config\Ini->__construct('../config/calen...')
#1 [internal function]: {closure}('world-health-ed...')
#2 /train/sites/www.gajetzki.com/html-calendar-to-ics/vendor/slim/slim/Slim/Router.php(200): call_user_func_array(Object(Closure), Array)
#3 /train/sites/www.gajetzki.com/html-calendar-to-ics/vendor/slim/slim/Slim/Slim.php(1218): Slim\Router->dispatch(Object(Slim\Route))
#4 /train/sites/www.gajetzki.com/html-calendar-to-ics/vendor/slim/slim/Slim/Middleware/Flash.php(86): Slim\Slim->call()
#5 /train/sites/www.gajetzki.com/html-calendar-to-ics/vendor/slim/slim/Slim/Middleware/MethodOverride.php(94): Slim\Middleware\Flash->call()
#6 /train/sites/www.gajetzki.com/html-calendar-to-ics/vendor/slim/slim/Slim/Middleware/PrettyExceptions.php(67): Slim\Middleware\MethodOverride->call()
#7 /train/sites/www.gajetzki.com/html-calendar-to-ics/vendor/slim/slim/Slim/Slim.php(1167): Slim\Middleware\PrettyExceptions->call()
#8 /train/sites/www.gajetzki.com/html-calendar-to-ics/public/index.php(68): Slim\Slim->run()
#9 {main}
ERROR - 2012-11-12T20:17:08-07:00 - exception 'OutOfBoundsException' with message 'Property "xpath_get_days" was not found' in /train/sites/www.gajetzki.com/html-calendar-to-ics/vendor/Jam/Config/src/Jam/Config/Arr.php:116
Stack trace:
#0 /train/sites/www.gajetzki.com/html-calendar-to-ics/vendor/Jam/Config/src/Jam/Config/Arr.php(141): Jam\Config\Arr->get('xpath_get_days')
#1 /train/sites/www.gajetzki.com/html-calendar-to-ics/public/index.php(64): Jam\Config\Arr->__get('xpath_get_days')
#2 [internal function]: {closure}('world-health-ed...')
#3 /train/sites/www.gajetzki.com/html-calendar-to-ics/vendor/slim/slim/Slim/Router.php(200): call_user_func_array(Object(Closure), Array)
#4 /train/sites/www.gajetzki.com/html-calendar-to-ics/vendor/slim/slim/Slim/Slim.php(1218): Slim\Router->dispatch(Object(Slim\Route))
#5 /train/sites/www.gajetzki.com/html-calendar-to-ics/vendor/slim/slim/Slim/Middleware/Flash.php(86): Slim\Slim->call()
#6 /train/sites/www.gajetzki.com/html-calendar-to-ics/vendor/slim/slim/Slim/Middleware/MethodOverride.php(94): Slim\Middleware\Flash->call()
#7 /train/sites/www.gajetzki.com/html-calendar-to-ics/vendor/slim/slim/Slim/Middleware/PrettyExceptions.php(67): Slim\Middleware\MethodOverride->call()
#8 /train/sites/www.gajetzki.com/html-calendar-to-ics/vendor/slim/slim/Slim/Slim.php(1167): Slim\Middleware\PrettyExceptions->call()
#9 /train/sites/www.gajetzki.com/html-calendar-to-ics/public/index.php(84): Slim\Slim->run()
#10 {main}
ERROR - 2012-11-12T20:21:17-07:00 - exception 'ErrorException' with message 'Object of class DOMElement could not be converted to string' in /train/sites/www.gajetzki.com/html-calendar-to-ics/public/index.php:70
Stack trace:
#0 [internal function]: Slim\Slim::handleErrors(4096, 'Object of class...', '/train/sites/ww...', 70, Array)
#1 /train/sites/www.gajetzki.com/html-calendar-to-ics/public/index.php(70): str_replace('%%DAY%%', 'Object', '//table/tbody/t...')
#2 [internal function]: {closure}('world-health-ed...')
#3 /train/sites/www.gajetzki.com/html-calendar-to-ics/vendor/slim/slim/Slim/Router.php(200): call_user_func_array(Object(Closure), Array)
#4 /train/sites/www.gajetzki.com/html-calendar-to-ics/vendor/slim/slim/Slim/Slim.php(1218): Slim\Router->dispatch(Object(Slim\Route))
#5 /train/sites/www.gajetzki.com/html-calendar-to-ics/vendor/slim/slim/Slim/Middleware/Flash.php(86): Slim\Slim->call()
#6 /train/sites/www.gajetzki.com/html-calendar-to-ics/vendor/slim/slim/Slim/Middleware/MethodOverride.php(94): Slim\Middleware\Flash->call()
#7 /train/sites/www.gajetzki.com/html-calendar-to-ics/vendor/slim/slim/Slim/Middleware/PrettyExceptions.php(67): Slim\Middleware\MethodOverride->call()
#8 /train/sites/www.gajetzki.com/html-calendar-to-ics/vendor/slim/slim/Slim/Slim.php(1167): Slim\Middleware\PrettyExceptions->call()
#9 /train/sites/www.gajetzki.com/html-calendar-to-ics/public/index.php(85): Slim\Slim->run()
#10 {main}
